CRITICAL - 2023-02-19 08:11:12 --> syntax error, unexpected variable "$model"
in APPPATH/Controllers/AdminController.php on line 104.
 1 SYSTEMPATH/Autoloader/Autoloader.php(259): CodeIgniter\Autoloader\Autoloader->includeFile('APPPATH/Controllers/AdminController.php')
 2 SYSTEMPATH/Autoloader/Autoloader.php(237): CodeIgniter\Autoloader\Autoloader->loadInNamespace('App\\Controllers\\AdminController')
 3 [internal function]: CodeIgniter\Autoloader\Autoloader->loadClass('App\\Controllers\\AdminController')
 4 SYSTEMPATH/CodeIgniter.php(852): class_exists('\\App\\Controllers\\AdminController', true)
 5 SYSTEMPATH/CodeIgniter.php(444): CodeIgniter\CodeIgniter->startController()
 6 SYSTEMPATH/CodeIgniter.php(340): CodeIgniter\CodeIgniter->handleRequest(null, Object(Config\Cache), false)
 7 FCPATH/index.php(67): CodeIgniter\CodeIgniter->run()
 8 SYSTEMPATH/Commands/Server/rewrite.php(46): require_once('FCPATH/index.php')
CRITICAL - 2023-02-19 08:15:29 --> Undefined variable $funds
in APPPATH/Views/admin/fundraiser/index.php on line 23.
 1 APPPATH/Views/admin/fundraiser/index.php(23): CodeIgniter\Debug\Exceptions->errorHandler(2, 'Undefined variable $funds', 'APPPATH/Views/admin/fundraiser/index.php', 23)
 2 SYSTEMPATH/View/View.php(213): include('APPPATH/Views/admin/fundraiser/index.php')
 3 SYSTEMPATH/View/View.php(216): CodeIgniter\View\View->CodeIgniter\View\{closure}()
 4 SYSTEMPATH/Common.php(1142): CodeIgniter\View\View->render('admin/fundraiser/index', [], true)
 5 APPPATH/Controllers/AdminController.php(112): view('admin/fundraiser/index', [...])
 6 SYSTEMPATH/CodeIgniter.php(902): App\Controllers\AdminController->enableAdmin('2')
 7 SYSTEMPATH/CodeIgniter.php(457): CodeIgniter\CodeIgniter->runController(Object(App\Controllers\AdminController))
 8 SYSTEMPATH/CodeIgniter.php(340): CodeIgniter\CodeIgniter->handleRequest(null, Object(Config\Cache), false)
 9 FCPATH/index.php(67): CodeIgniter\CodeIgniter->run()
10 SYSTEMPATH/Commands/Server/rewrite.php(46): require_once('FCPATH/index.php')
CRITICAL - 2023-02-19 08:16:24 --> Undefined variable $funds
in APPPATH/Views/admin/fundraiser/index.php on line 23.
 1 APPPATH/Views/admin/fundraiser/index.php(23): CodeIgniter\Debug\Exceptions->errorHandler(2, 'Undefined variable $funds', 'APPPATH/Views/admin/fundraiser/index.php', 23)
 2 SYSTEMPATH/View/View.php(213): include('APPPATH/Views/admin/fundraiser/index.php')
 3 SYSTEMPATH/View/View.php(216): CodeIgniter\View\View->CodeIgniter\View\{closure}()
 4 SYSTEMPATH/Common.php(1142): CodeIgniter\View\View->render('admin/fundraiser/index', [], true)
 5 APPPATH/Controllers/AdminController.php(106): view('admin/fundraiser/index', [...])
 6 SYSTEMPATH/CodeIgniter.php(902): App\Controllers\AdminController->enableAdmin('2')
 7 SYSTEMPATH/CodeIgniter.php(457): CodeIgniter\CodeIgniter->runController(Object(App\Controllers\AdminController))
 8 SYSTEMPATH/CodeIgniter.php(340): CodeIgniter\CodeIgniter->handleRequest(null, Object(Config\Cache), false)
 9 FCPATH/index.php(67): CodeIgniter\CodeIgniter->run()
10 SYSTEMPATH/Commands/Server/rewrite.php(46): require_once('FCPATH/index.php')
CRITICAL - 2023-02-19 08:16:33 --> Undefined variable $funds
in APPPATH/Views/admin/fundraiser/index.php on line 23.
 1 APPPATH/Views/admin/fundraiser/index.php(23): CodeIgniter\Debug\Exceptions->errorHandler(2, 'Undefined variable $funds', 'APPPATH/Views/admin/fundraiser/index.php', 23)
 2 SYSTEMPATH/View/View.php(213): include('APPPATH/Views/admin/fundraiser/index.php')
 3 SYSTEMPATH/View/View.php(216): CodeIgniter\View\View->CodeIgniter\View\{closure}()
 4 SYSTEMPATH/Common.php(1142): CodeIgniter\View\View->render('admin/fundraiser/index', [], true)
 5 APPPATH/Controllers/AdminController.php(112): view('admin/fundraiser/index', [...])
 6 SYSTEMPATH/CodeIgniter.php(902): App\Controllers\AdminController->enableAdmin('2')
 7 SYSTEMPATH/CodeIgniter.php(457): CodeIgniter\CodeIgniter->runController(Object(App\Controllers\AdminController))
 8 SYSTEMPATH/CodeIgniter.php(340): CodeIgniter\CodeIgniter->handleRequest(null, Object(Config\Cache), false)
 9 FCPATH/index.php(67): CodeIgniter\CodeIgniter->run()
10 SYSTEMPATH/Commands/Server/rewrite.php(46): require_once('FCPATH/index.php')
CRITICAL - 2023-02-19 08:18:03 --> Undefined variable $funds
in APPPATH/Views/admin/fundraiser/index.php on line 23.
 1 APPPATH/Views/admin/fundraiser/index.php(23): CodeIgniter\Debug\Exceptions->errorHandler(2, 'Undefined variable $funds', 'APPPATH/Views/admin/fundraiser/index.php', 23)
 2 SYSTEMPATH/View/View.php(213): include('APPPATH/Views/admin/fundraiser/index.php')
 3 SYSTEMPATH/View/View.php(216): CodeIgniter\View\View->CodeIgniter\View\{closure}()
 4 SYSTEMPATH/Common.php(1142): CodeIgniter\View\View->render('admin/fundraiser/index', [], true)
 5 APPPATH/Controllers/AdminController.php(106): view('admin/fundraiser/index', [...])
 6 SYSTEMPATH/CodeIgniter.php(902): App\Controllers\AdminController->enableAdmin('2')
 7 SYSTEMPATH/CodeIgniter.php(457): CodeIgniter\CodeIgniter->runController(Object(App\Controllers\AdminController))
 8 SYSTEMPATH/CodeIgniter.php(340): CodeIgniter\CodeIgniter->handleRequest(null, Object(Config\Cache), false)
 9 FCPATH/index.php(67): CodeIgniter\CodeIgniter->run()
10 SYSTEMPATH/Commands/Server/rewrite.php(46): require_once('FCPATH/index.php')
CRITICAL - 2023-02-19 08:19:45 --> Undefined variable $funds
in APPPATH/Views/admin/fundraiser/index.php on line 23.
 1 APPPATH/Views/admin/fundraiser/index.php(23): CodeIgniter\Debug\Exceptions->errorHandler(2, 'Undefined variable $funds', 'APPPATH/Views/admin/fundraiser/index.php', 23)
 2 SYSTEMPATH/View/View.php(213): include('APPPATH/Views/admin/fundraiser/index.php')
 3 SYSTEMPATH/View/View.php(216): CodeIgniter\View\View->CodeIgniter\View\{closure}()
 4 SYSTEMPATH/Common.php(1142): CodeIgniter\View\View->render('admin/fundraiser/index', [], true)
 5 APPPATH/Controllers/AdminController.php(112): view('admin/fundraiser/index', [...])
 6 SYSTEMPATH/CodeIgniter.php(902): App\Controllers\AdminController->enableAdmin('2')
 7 SYSTEMPATH/CodeIgniter.php(457): CodeIgniter\CodeIgniter->runController(Object(App\Controllers\AdminController))
 8 SYSTEMPATH/CodeIgniter.php(340): CodeIgniter\CodeIgniter->handleRequest(null, Object(Config\Cache), false)
 9 FCPATH/index.php(67): CodeIgniter\CodeIgniter->run()
10 SYSTEMPATH/Commands/Server/rewrite.php(46): require_once('FCPATH/index.php')
CRITICAL - 2023-02-19 08:21:42 --> Undefined variable $funds
in APPPATH/Views/admin/fundraiser/index.php on line 23.
 1 APPPATH/Views/admin/fundraiser/index.php(23): CodeIgniter\Debug\Exceptions->errorHandler(2, 'Undefined variable $funds', 'APPPATH/Views/admin/fundraiser/index.php', 23)
 2 SYSTEMPATH/View/View.php(213): include('APPPATH/Views/admin/fundraiser/index.php')
 3 SYSTEMPATH/View/View.php(216): CodeIgniter\View\View->CodeIgniter\View\{closure}()
 4 SYSTEMPATH/Common.php(1142): CodeIgniter\View\View->render('admin/fundraiser/index', [], true)
 5 APPPATH/Controllers/AdminController.php(86): view('admin/fundraiser/index', [...])
 6 SYSTEMPATH/CodeIgniter.php(902): App\Controllers\AdminController->deleteUser('2')
 7 SYSTEMPATH/CodeIgniter.php(457): CodeIgniter\CodeIgniter->runController(Object(App\Controllers\AdminController))
 8 SYSTEMPATH/CodeIgniter.php(340): CodeIgniter\CodeIgniter->handleRequest(null, Object(Config\Cache), false)
 9 FCPATH/index.php(67): CodeIgniter\CodeIgniter->run()
10 SYSTEMPATH/Commands/Server/rewrite.php(46): require_once('FCPATH/index.php')
CRITICAL - 2023-02-19 08:21:48 --> Trying to access array offset on value of type null
in APPPATH/Controllers/AdminController.php on line 101.
 1 APPPATH/Controllers/AdminController.php(101): CodeIgniter\Debug\Exceptions->errorHandler(2, 'Trying to access array offset on value of type null', 'APPPATH/Controllers/AdminController.php', 101)
 2 SYSTEMPATH/CodeIgniter.php(902): App\Controllers\AdminController->enableAdmin('2')
 3 SYSTEMPATH/CodeIgniter.php(457): CodeIgniter\CodeIgniter->runController(Object(App\Controllers\AdminController))
 4 SYSTEMPATH/CodeIgniter.php(340): CodeIgniter\CodeIgniter->handleRequest(null, Object(Config\Cache), false)
 5 FCPATH/index.php(67): CodeIgniter\CodeIgniter->run()
 6 SYSTEMPATH/Commands/Server/rewrite.php(46): require_once('FCPATH/index.php')
CRITICAL - 2023-02-19 08:45:08 --> Invalid file: login.php
in SYSTEMPATH/Exceptions/FrameworkException.php on line 33.
 1 SYSTEMPATH/View/View.php(201): CodeIgniter\Exceptions\FrameworkException::forInvalidFile('login.php')
 2 SYSTEMPATH/Common.php(1142): CodeIgniter\View\View->render('login', [], true)
 3 APPPATH/Controllers/Profile.php(36): view('login', [...])
 4 SYSTEMPATH/CodeIgniter.php(902): App\Controllers\Profile->login()
 5 SYSTEMPATH/CodeIgniter.php(457): CodeIgniter\CodeIgniter->runController(Object(App\Controllers\Profile))
 6 SYSTEMPATH/CodeIgniter.php(340): CodeIgniter\CodeIgniter->handleRequest(null, Object(Config\Cache), false)
 7 FCPATH/index.php(67): CodeIgniter\CodeIgniter->run()
 8 SYSTEMPATH/Commands/Server/rewrite.php(46): require_once('FCPATH/index.php')
CRITICAL - 2023-02-19 09:04:52 --> count(): Argument #1 ($value) must be of type Countable|array, null given
in APPPATH/Views/profile/dashboard.php on line 8.
 1 SYSTEMPATH/View/View.php(213): include()
 2 SYSTEMPATH/View/View.php(216): CodeIgniter\View\View->CodeIgniter\View\{closure}()
 3 SYSTEMPATH/Common.php(1142): CodeIgniter\View\View->render('profile/dashboard', [], true)
 4 APPPATH/Controllers/Fundraiser.php(136): view('profile/dashboard', [...])
 5 SYSTEMPATH/CodeIgniter.php(902): App\Controllers\Fundraiser->deleteFund('7')
 6 SYSTEMPATH/CodeIgniter.php(457): CodeIgniter\CodeIgniter->runController(Object(App\Controllers\Fundraiser))
 7 SYSTEMPATH/CodeIgniter.php(340): CodeIgniter\CodeIgniter->handleRequest(null, Object(Config\Cache), false)
 8 FCPATH/index.php(67): CodeIgniter\CodeIgniter->run()
 9 SYSTEMPATH/Commands/Server/rewrite.php(46): require_once('FCPATH/index.php')
