CRITICAL - 2022-12-02 11:54:27 --> Undefined variable $item
in APPPATH/Views/fundraiser/detail.php on line 9.
 1 APPPATH/Views/fundraiser/detail.php(9): CodeIgniter\Debug\Exceptions->errorHandler(2, 'Undefined variable $item', 'APPPATH/Views/fundraiser/detail.php', 9)
 2 SYSTEMPATH/View/View.php(213): include('APPPATH/Views/fundraiser/detail.php')
 3 SYSTEMPATH/View/View.php(216): CodeIgniter\View\View->CodeIgniter\View\{closure}()
 4 SYSTEMPATH/Common.php(1142): CodeIgniter\View\View->render('fundraiser/detail', [], true)
 5 APPPATH/Controllers/Fundraiser.php(109): view('fundraiser/detail', [...])
 6 SYSTEMPATH/CodeIgniter.php(902): App\Controllers\Fundraiser->detail('6')
 7 SYSTEMPATH/CodeIgniter.php(457): CodeIgniter\CodeIgniter->runController(Object(App\Controllers\Fundraiser))
 8 SYSTEMPATH/CodeIgniter.php(340): CodeIgniter\CodeIgniter->handleRequest(null, Object(Config\Cache), false)
 9 FCPATH/index.php(67): CodeIgniter\CodeIgniter->run()
10 SYSTEMPATH/Commands/Server/rewrite.php(46): require_once('FCPATH/index.php')
CRITICAL - 2022-12-02 06:59:18 --> Undefined constant "App\Controllers\Michalsn\Uuid\UuidCast"
in APPPATH/Controllers/Fundraiser.php on line 13.
 1 SYSTEMPATH/CodeIgniter.php(902): App\Controllers\Fundraiser->create()
 2 SYSTEMPATH/CodeIgniter.php(457): CodeIgniter\CodeIgniter->runController(Object(App\Controllers\Fundraiser))
 3 SYSTEMPATH/CodeIgniter.php(340): CodeIgniter\CodeIgniter->handleRequest(null, Object(Config\Cache), false)
 4 FCPATH/index.php(67): CodeIgniter\CodeIgniter->run()
 5 SYSTEMPATH/Commands/Server/rewrite.php(46): require_once('FCPATH/index.php')
CRITICAL - 2022-12-02 07:00:24 --> Undefined constant "App\Controllers\Michalsn\Uuid\UuidCast"
in APPPATH/Controllers/Fundraiser.php on line 12.
 1 SYSTEMPATH/CodeIgniter.php(902): App\Controllers\Fundraiser->create()
 2 SYSTEMPATH/CodeIgniter.php(457): CodeIgniter\CodeIgniter->runController(Object(App\Controllers\Fundraiser))
 3 SYSTEMPATH/CodeIgniter.php(340): CodeIgniter\CodeIgniter->handleRequest(null, Object(Config\Cache), false)
 4 FCPATH/index.php(67): CodeIgniter\CodeIgniter->run()
 5 SYSTEMPATH/Commands/Server/rewrite.php(46): require_once('FCPATH/index.php')
CRITICAL - 2022-12-02 07:37:03 --> Class "App\Controllers\Michalsn\Uuid\UuidModel" not found
in APPPATH/Controllers/Fundraiser.php on line 15.
 1 SYSTEMPATH/CodeIgniter.php(902): App\Controllers\Fundraiser->create()
 2 SYSTEMPATH/CodeIgniter.php(457): CodeIgniter\CodeIgniter->runController(Object(App\Controllers\Fundraiser))
 3 SYSTEMPATH/CodeIgniter.php(340): CodeIgniter\CodeIgniter->handleRequest(null, Object(Config\Cache), false)
 4 FCPATH/index.php(67): CodeIgniter\CodeIgniter->run()
 5 SYSTEMPATH/Commands/Server/rewrite.php(46): require_once('FCPATH/index.php')
CRITICAL - 2022-12-02 07:41:11 --> Class "App\Models\UuidModel" not found
in APPPATH/Models/FundraiserModel.php on line 8.
 1 SYSTEMPATH/Autoloader/Autoloader.php(282): include_once()
 2 SYSTEMPATH/Autoloader/Autoloader.php(259): CodeIgniter\Autoloader\Autoloader->includeFile('APPPATH/Models/FundraiserModel.php')
 3 SYSTEMPATH/Autoloader/Autoloader.php(237): CodeIgniter\Autoloader\Autoloader->loadInNamespace('App\\Models\\FundraiserModel')
 4 APPPATH/Controllers/Home.php(12): CodeIgniter\Autoloader\Autoloader->loadClass('App\\Models\\FundraiserModel')
 5 SYSTEMPATH/CodeIgniter.php(902): App\Controllers\Home->index()
 6 SYSTEMPATH/CodeIgniter.php(457): CodeIgniter\CodeIgniter->runController(Object(App\Controllers\Home))
 7 SYSTEMPATH/CodeIgniter.php(340): CodeIgniter\CodeIgniter->handleRequest(null, Object(Config\Cache), false)
 8 FCPATH/index.php(67): CodeIgniter\CodeIgniter->run()
 9 SYSTEMPATH/Commands/Server/rewrite.php(46): require_once('FCPATH/index.php')
CRITICAL - 2022-12-02 07:41:35 --> Class "App\Controllers\Michalsn\Uuid\UuidModel" not found
in APPPATH/Controllers/Fundraiser.php on line 15.
 1 SYSTEMPATH/CodeIgniter.php(902): App\Controllers\Fundraiser->create()
 2 SYSTEMPATH/CodeIgniter.php(457): CodeIgniter\CodeIgniter->runController(Object(App\Controllers\Fundraiser))
 3 SYSTEMPATH/CodeIgniter.php(340): CodeIgniter\CodeIgniter->handleRequest(null, Object(Config\Cache), false)
 4 FCPATH/index.php(67): CodeIgniter\CodeIgniter->run()
 5 SYSTEMPATH/Commands/Server/rewrite.php(46): require_once('FCPATH/index.php')
CRITICAL - 2022-12-02 07:42:18 --> Undefined variable $uid
in APPPATH/Controllers/Fundraiser.php on line 15.
 1 APPPATH/Controllers/Fundraiser.php(15): CodeIgniter\Debug\Exceptions->errorHandler(2, 'Undefined variable $uid', 'APPPATH/Controllers/Fundraiser.php', 15)
 2 SYSTEMPATH/CodeIgniter.php(902): App\Controllers\Fundraiser->create()
 3 SYSTEMPATH/CodeIgniter.php(457): CodeIgniter\CodeIgniter->runController(Object(App\Controllers\Fundraiser))
 4 SYSTEMPATH/CodeIgniter.php(340): CodeIgniter\CodeIgniter->handleRequest(null, Object(Config\Cache), false)
 5 FCPATH/index.php(67): CodeIgniter\CodeIgniter->run()
 6 SYSTEMPATH/Commands/Server/rewrite.php(46): require_once('FCPATH/index.php')
ERROR - 2022-12-02 07:42:40 --> mysqli_sql_exception: Column 'city' cannot be null in /Users/macintoshhdd/Projects/ufundme/vendor/codeigniter4/framework/system/Database/MySQLi/Connection.php:292
Stack trace:
#0 /Users/macintoshhdd/Projects/ufundme/vendor/codeigniter4/framework/system/Database/MySQLi/Connection.php(292): mysqli->query('INSERT INTO `fu...', 0)
#1 /Users/macintoshhdd/Projects/ufundme/vendor/codeigniter4/framework/system/Database/BaseConnection.php(693): CodeIgniter\Database\MySQLi\Connection->execute('INSERT INTO `fu...')
#2 /Users/macintoshhdd/Projects/ufundme/vendor/codeigniter4/framework/system/Database/BaseConnection.php(620): CodeIgniter\Database\BaseConnection->simpleQuery('INSERT INTO `fu...')
#3 /Users/macintoshhdd/Projects/ufundme/vendor/codeigniter4/framework/system/Database/BaseBuilder.php(1916): CodeIgniter\Database\BaseConnection->query('INSERT INTO `fu...', Array, false)
#4 /Users/macintoshhdd/Projects/ufundme/vendor/codeigniter4/framework/system/Model.php(279): CodeIgniter\Database\BaseBuilder->insert()
#5 /Users/macintoshhdd/Projects/ufundme/vendor/codeigniter4/framework/system/BaseModel.php(748): CodeIgniter\Model->doInsert(Array)
#6 /Users/macintoshhdd/Projects/ufundme/vendor/codeigniter4/framework/system/Model.php(667): CodeIgniter\BaseModel->insert(Array, false)
#7 /Users/macintoshhdd/Projects/ufundme/vendor/codeigniter4/framework/system/BaseModel.php(658): CodeIgniter\Model->insert(Array, false)
#8 /Users/macintoshhdd/Projects/ufundme/app/Controllers/Fundraiser.php(32): CodeIgniter\BaseModel->save(Array)
#9 /Users/macintoshhdd/Projects/ufundme/vendor/codeigniter4/framework/system/CodeIgniter.php(902): App\Controllers\Fundraiser->create()
#10 /Users/macintoshhdd/Projects/ufundme/vendor/codeigniter4/framework/system/CodeIgniter.php(457): CodeIgniter\CodeIgniter->runController(Object(App\Controllers\Fundraiser))
#11 /Users/macintoshhdd/Projects/ufundme/vendor/codeigniter4/framework/system/CodeIgniter.php(340): CodeIgniter\CodeIgniter->handleRequest(NULL, Object(Config\Cache), false)
#12 /Users/macintoshhdd/Projects/ufundme/public/index.php(67): CodeIgniter\CodeIgniter->run()
#13 /Users/macintoshhdd/Projects/ufundme/vendor/codeigniter4/framework/system/Commands/Server/rewrite.php(46): require_once('/Users/macintos...')
#14 {main}
CRITICAL - 2022-12-02 07:42:40 --> Column 'city' cannot be null
in SYSTEMPATH/Database/MySQLi/Connection.php on line 292.
 1 SYSTEMPATH/Database/MySQLi/Connection.php(292): mysqli->query('INSERT INTO `fundraise` (`user_id`, `organisation`, `cause`, `email`, `country`, `city`, `address_one`, `address_two`, `phone_number`, `target_amount`, `title`, `active`, `created_at`, `updated_at`) VALUES (\'1\', \'BidOn Technologies\', \'adk\', \'mic.costero@yahoo.com\', \'*Country\', NULL, \'Nkrumah Street, Haatso\', \'as\', \'0206665179\', \'12000\', \'ass\', 0, \'2022-12-02 07:42:40\', \'2022-12-02 07:42:40\')', 0)
 2 SYSTEMPATH/Database/BaseConnection.php(693): CodeIgniter\Database\MySQLi\Connection->execute('INSERT INTO `fundraise` (`user_id`, `organisation`, `cause`, `email`, `country`, `city`, `address_one`, `address_two`, `phone_number`, `target_amount`, `title`, `active`, `created_at`, `updated_at`) VALUES (\'1\', \'BidOn Technologies\', \'adk\', \'mic.costero@yahoo.com\', \'*Country\', NULL, \'Nkrumah Street, Haatso\', \'as\', \'0206665179\', \'12000\', \'ass\', 0, \'2022-12-02 07:42:40\', \'2022-12-02 07:42:40\')')
 3 SYSTEMPATH/Database/BaseConnection.php(620): CodeIgniter\Database\BaseConnection->simpleQuery('INSERT INTO `fundraise` (`user_id`, `organisation`, `cause`, `email`, `country`, `city`, `address_one`, `address_two`, `phone_number`, `target_amount`, `title`, `active`, `created_at`, `updated_at`) VALUES (\'1\', \'BidOn Technologies\', \'adk\', \'mic.costero@yahoo.com\', \'*Country\', NULL, \'Nkrumah Street, Haatso\', \'as\', \'0206665179\', \'12000\', \'ass\', 0, \'2022-12-02 07:42:40\', \'2022-12-02 07:42:40\')')
 4 SYSTEMPATH/Database/BaseBuilder.php(1916): CodeIgniter\Database\BaseConnection->query('INSERT INTO `fundraise` (`user_id`, `organisation`, `cause`, `email`, `country`, `city`, `address_one`, `address_two`, `phone_number`, `target_amount`, `title`, `active`, `created_at`, `updated_at`) VALUES (:user_id:, :organisation:, :cause:, :email:, :country:, :city:, :address_one:, :address_two:, :phone_number:, :target_amount:, :title:, :active:, :created_at:, :updated_at:)', [...], false)
 5 SYSTEMPATH/Model.php(279): CodeIgniter\Database\BaseBuilder->insert()
 6 SYSTEMPATH/BaseModel.php(748): CodeIgniter\Model->doInsert([...])
 7 SYSTEMPATH/Model.php(667): CodeIgniter\BaseModel->insert([...], false)
 8 SYSTEMPATH/BaseModel.php(658): CodeIgniter\Model->insert([...], false)
 9 APPPATH/Controllers/Fundraiser.php(32): CodeIgniter\BaseModel->save([...])
10 SYSTEMPATH/CodeIgniter.php(902): App\Controllers\Fundraiser->create()
11 SYSTEMPATH/CodeIgniter.php(457): CodeIgniter\CodeIgniter->runController(Object(App\Controllers\Fundraiser))
12 SYSTEMPATH/CodeIgniter.php(340): CodeIgniter\CodeIgniter->handleRequest(null, Object(Config\Cache), false)
13 FCPATH/index.php(67): CodeIgniter\CodeIgniter->run()
14 SYSTEMPATH/Commands/Server/rewrite.php(46): require_once('FCPATH/index.php')
