CRITICAL - 2022-11-28 07:38:51 --> Class "App\Models\FundraiserModel" not found
in APPPATH/Controllers/Fundraiser.php on line 13.
 1 SYSTEMPATH/CodeIgniter.php(902): App\Controllers\Fundraiser->create()
 2 SYSTEMPATH/CodeIgniter.php(457): CodeIgniter\CodeIgniter->runController(Object(App\Controllers\Fundraiser))
 3 SYSTEMPATH/CodeIgniter.php(340): CodeIgniter\CodeIgniter->handleRequest(null, Object(Config\Cache), false)
 4 FCPATH/index.php(67): CodeIgniter\CodeIgniter->run()
 5 SYSTEMPATH/Commands/Server/rewrite.php(46): require_once('FCPATH/index.php')
CRITICAL - 2022-11-28 07:40:45 --> beforeInsert is not a valid Model Event callback.
in SYSTEMPATH/BaseModel.php on line 1476.
 1 SYSTEMPATH/BaseModel.php(1476): CodeIgniter\Database\Exceptions\DataException::forInvalidMethodTriggered('beforeInsert')
 2 SYSTEMPATH/BaseModel.php(745): CodeIgniter\BaseModel->trigger('beforeInsert', [...])
 3 SYSTEMPATH/Model.php(667): CodeIgniter\BaseModel->insert([...], false)
 4 SYSTEMPATH/BaseModel.php(658): CodeIgniter\Model->insert([...], false)
 5 APPPATH/Controllers/Fundraiser.php(31): CodeIgniter\BaseModel->save([...])
 6 SYSTEMPATH/CodeIgniter.php(902): App\Controllers\Fundraiser->create()
 7 SYSTEMPATH/CodeIgniter.php(457): CodeIgniter\CodeIgniter->runController(Object(App\Controllers\Fundraiser))
 8 SYSTEMPATH/CodeIgniter.php(340): CodeIgniter\CodeIgniter->handleRequest(null, Object(Config\Cache), false)
 9 FCPATH/index.php(67): CodeIgniter\CodeIgniter->run()
10 SYSTEMPATH/Commands/Server/rewrite.php(46): require_once('FCPATH/index.php')
ERROR - 2022-11-28 07:41:53 --> mysqli_sql_exception: Column 'phone_number' cannot be null in /Users/macintoshhdd/Projects/ufundme/vendor/codeigniter4/framework/system/Database/MySQLi/Connection.php:292
Stack trace:
#0 /Users/macintoshhdd/Projects/ufundme/vendor/codeigniter4/framework/system/Database/MySQLi/Connection.php(292): mysqli->query('INSERT INTO `fu...', 0)
#1 /Users/macintoshhdd/Projects/ufundme/vendor/codeigniter4/framework/system/Database/BaseConnection.php(693): CodeIgniter\Database\MySQLi\Connection->execute('INSERT INTO `fu...')
#2 /Users/macintoshhdd/Projects/ufundme/vendor/codeigniter4/framework/system/Database/BaseConnection.php(620): CodeIgniter\Database\BaseConnection->simpleQuery('INSERT INTO `fu...')
#3 /Users/macintoshhdd/Projects/ufundme/vendor/codeigniter4/framework/system/Database/BaseBuilder.php(1916): CodeIgniter\Database\BaseConnection->query('INSERT INTO `fu...', Array, false)
#4 /Users/macintoshhdd/Projects/ufundme/vendor/codeigniter4/framework/system/Model.php(279): CodeIgniter\Database\BaseBuilder->insert()
#5 /Users/macintoshhdd/Projects/ufundme/vendor/codeigniter4/framework/system/BaseModel.php(748): CodeIgniter\Model->doInsert(Array)
#6 /Users/macintoshhdd/Projects/ufundme/vendor/codeigniter4/framework/system/Model.php(667): CodeIgniter\BaseModel->insert(Array, false)
#7 /Users/macintoshhdd/Projects/ufundme/vendor/codeigniter4/framework/system/BaseModel.php(658): CodeIgniter\Model->insert(Array, false)
#8 /Users/macintoshhdd/Projects/ufundme/app/Controllers/Fundraiser.php(31): CodeIgniter\BaseModel->save(Array)
#9 /Users/macintoshhdd/Projects/ufundme/vendor/codeigniter4/framework/system/CodeIgniter.php(902): App\Controllers\Fundraiser->create()
#10 /Users/macintoshhdd/Projects/ufundme/vendor/codeigniter4/framework/system/CodeIgniter.php(457): CodeIgniter\CodeIgniter->runController(Object(App\Controllers\Fundraiser))
#11 /Users/macintoshhdd/Projects/ufundme/vendor/codeigniter4/framework/system/CodeIgniter.php(340): CodeIgniter\CodeIgniter->handleRequest(NULL, Object(Config\Cache), false)
#12 /Users/macintoshhdd/Projects/ufundme/public/index.php(67): CodeIgniter\CodeIgniter->run()
#13 /Users/macintoshhdd/Projects/ufundme/vendor/codeigniter4/framework/system/Commands/Server/rewrite.php(46): require_once('/Users/macintos...')
#14 {main}
CRITICAL - 2022-11-28 07:41:53 --> Column 'phone_number' cannot be null
in SYSTEMPATH/Database/MySQLi/Connection.php on line 292.
 1 SYSTEMPATH/Database/MySQLi/Connection.php(292): mysqli->query('INSERT INTO `fundraise` (`user_id`, `organisation`, `cause`, `email`, `country`, `city`, `address_one`, `address_two`, `phone_number`, `target_amount`) VALUES (\'1\', \'organisation\', \'cause\', \'mic.costero@yahoo.com\', \'country\', \'city\', \'address1\', \'address2\', NULL, \'amount\')', 0)
 2 SYSTEMPATH/Database/BaseConnection.php(693): CodeIgniter\Database\MySQLi\Connection->execute('INSERT INTO `fundraise` (`user_id`, `organisation`, `cause`, `email`, `country`, `city`, `address_one`, `address_two`, `phone_number`, `target_amount`) VALUES (\'1\', \'organisation\', \'cause\', \'mic.costero@yahoo.com\', \'country\', \'city\', \'address1\', \'address2\', NULL, \'amount\')')
 3 SYSTEMPATH/Database/BaseConnection.php(620): CodeIgniter\Database\BaseConnection->simpleQuery('INSERT INTO `fundraise` (`user_id`, `organisation`, `cause`, `email`, `country`, `city`, `address_one`, `address_two`, `phone_number`, `target_amount`) VALUES (\'1\', \'organisation\', \'cause\', \'mic.costero@yahoo.com\', \'country\', \'city\', \'address1\', \'address2\', NULL, \'amount\')')
 4 SYSTEMPATH/Database/BaseBuilder.php(1916): CodeIgniter\Database\BaseConnection->query('INSERT INTO `fundraise` (`user_id`, `organisation`, `cause`, `email`, `country`, `city`, `address_one`, `address_two`, `phone_number`, `target_amount`) VALUES (:user_id:, :organisation:, :cause:, :email:, :country:, :city:, :address_one:, :address_two:, :phone_number:, :target_amount:)', [...], false)
 5 SYSTEMPATH/Model.php(279): CodeIgniter\Database\BaseBuilder->insert()
 6 SYSTEMPATH/BaseModel.php(748): CodeIgniter\Model->doInsert([...])
 7 SYSTEMPATH/Model.php(667): CodeIgniter\BaseModel->insert([...], false)
 8 SYSTEMPATH/BaseModel.php(658): CodeIgniter\Model->insert([...], false)
 9 APPPATH/Controllers/Fundraiser.php(31): CodeIgniter\BaseModel->save([...])
10 SYSTEMPATH/CodeIgniter.php(902): App\Controllers\Fundraiser->create()
11 SYSTEMPATH/CodeIgniter.php(457): CodeIgniter\CodeIgniter->runController(Object(App\Controllers\Fundraiser))
12 SYSTEMPATH/CodeIgniter.php(340): CodeIgniter\CodeIgniter->handleRequest(null, Object(Config\Cache), false)
13 FCPATH/index.php(67): CodeIgniter\CodeIgniter->run()
14 SYSTEMPATH/Commands/Server/rewrite.php(46): require_once('FCPATH/index.php')
CRITICAL - 2022-11-28 09:51:57 --> Undefined variable $fundraisers
in APPPATH/Views/layout/default.php on line 79.
 1 APPPATH/Views/layout/default.php(79): CodeIgniter\Debug\Exceptions->errorHandler(2, 'Undefined variable $fundraisers', 'APPPATH/Views/layout/default.php', 79)
 2 SYSTEMPATH/View/View.php(213): include('APPPATH/Views/layout/default.php')
 3 SYSTEMPATH/View/View.php(216): CodeIgniter\View\View->CodeIgniter\View\{closure}()
 4 SYSTEMPATH/Common.php(1142): CodeIgniter\View\View->render('layout/default', [], true)
 5 APPPATH/Controllers/Home.php(9): view('layout/default')
 6 SYSTEMPATH/CodeIgniter.php(902): App\Controllers\Home->index()
 7 SYSTEMPATH/CodeIgniter.php(457): CodeIgniter\CodeIgniter->runController(Object(App\Controllers\Home))
 8 SYSTEMPATH/CodeIgniter.php(340): CodeIgniter\CodeIgniter->handleRequest(null, Object(Config\Cache), false)
 9 FCPATH/index.php(67): CodeIgniter\CodeIgniter->run()
10 SYSTEMPATH/Commands/Server/rewrite.php(46): require_once('FCPATH/index.php')
CRITICAL - 2022-11-28 12:00:09 --> Call to undefined function basse_url()
in APPPATH/Views/layout/default.php on line 69.
 1 SYSTEMPATH/View/View.php(213): include()
 2 SYSTEMPATH/View/View.php(216): CodeIgniter\View\View->CodeIgniter\View\{closure}()
 3 SYSTEMPATH/Common.php(1142): CodeIgniter\View\View->render('layout/default', [], true)
 4 APPPATH/Controllers/Home.php(14): view('layout/default', [...])
 5 SYSTEMPATH/CodeIgniter.php(902): App\Controllers\Home->index()
 6 SYSTEMPATH/CodeIgniter.php(457): CodeIgniter\CodeIgniter->runController(Object(App\Controllers\Home))
 7 SYSTEMPATH/CodeIgniter.php(340): CodeIgniter\CodeIgniter->handleRequest(null, Object(Config\Cache), false)
 8 FCPATH/index.php(67): CodeIgniter\CodeIgniter->run()
 9 SYSTEMPATH/Commands/Server/rewrite.php(46): require_once('FCPATH/index.php')
CRITICAL - 2022-11-28 12:01:40 --> Call to undefined function basse_url()
in APPPATH/Views/layout/default.php on line 69.
 1 SYSTEMPATH/View/View.php(213): include()
 2 SYSTEMPATH/View/View.php(216): CodeIgniter\View\View->CodeIgniter\View\{closure}()
 3 SYSTEMPATH/Common.php(1142): CodeIgniter\View\View->render('layout/default', [], true)
 4 APPPATH/Controllers/Home.php(14): view('layout/default', [...])
 5 SYSTEMPATH/CodeIgniter.php(902): App\Controllers\Home->index()
 6 SYSTEMPATH/CodeIgniter.php(457): CodeIgniter\CodeIgniter->runController(Object(App\Controllers\Home))
 7 SYSTEMPATH/CodeIgniter.php(340): CodeIgniter\CodeIgniter->handleRequest(null, Object(Config\Cache), false)
 8 FCPATH/index.php(67): CodeIgniter\CodeIgniter->run()
 9 SYSTEMPATH/Commands/Server/rewrite.php(46): require_once('FCPATH/index.php')
CRITICAL - 2022-11-28 12:02:53 --> Undefined array key "ProductID"
in APPPATH/Views/profile/dashboard.php on line 27.
 1 APPPATH/Views/profile/dashboard.php(27): CodeIgniter\Debug\Exceptions->errorHandler(2, 'Undefined array key "ProductID"', 'APPPATH/Views/profile/dashboard.php', 27)
 2 SYSTEMPATH/View/View.php(213): include('APPPATH/Views/profile/dashboard.php')
 3 SYSTEMPATH/View/View.php(216): CodeIgniter\View\View->CodeIgniter\View\{closure}()
 4 SYSTEMPATH/Common.php(1142): CodeIgniter\View\View->render('profile/dashboard', [], true)
 5 APPPATH/Controllers/Profile.php(118): view('profile/dashboard', [...])
 6 SYSTEMPATH/CodeIgniter.php(902): App\Controllers\Profile->profile()
 7 SYSTEMPATH/CodeIgniter.php(457): CodeIgniter\CodeIgniter->runController(Object(App\Controllers\Profile))
 8 SYSTEMPATH/CodeIgniter.php(340): CodeIgniter\CodeIgniter->handleRequest(null, Object(Config\Cache), false)
 9 FCPATH/index.php(67): CodeIgniter\CodeIgniter->run()
10 SYSTEMPATH/Commands/Server/rewrite.php(46): require_once('FCPATH/index.php')
CRITICAL - 2022-11-28 12:37:44 --> count(): Argument #1 ($value) must be of type Countable|array, null given
in APPPATH/Views/profile/dashboard.php on line 8.
 1 SYSTEMPATH/View/View.php(213): include()
 2 SYSTEMPATH/View/View.php(216): CodeIgniter\View\View->CodeIgniter\View\{closure}()
 3 SYSTEMPATH/Common.php(1142): CodeIgniter\View\View->render('profile/dashboard', [], true)
 4 APPPATH/Controllers/Profile.php(13): view('profile/dashboard')
 5 SYSTEMPATH/CodeIgniter.php(902): App\Controllers\Profile->index()
 6 SYSTEMPATH/CodeIgniter.php(457): CodeIgniter\CodeIgniter->runController(Object(App\Controllers\Profile))
 7 SYSTEMPATH/CodeIgniter.php(340): CodeIgniter\CodeIgniter->handleRequest(null, Object(Config\Cache), false)
 8 FCPATH/index.php(67): CodeIgniter\CodeIgniter->run()
 9 SYSTEMPATH/Commands/Server/rewrite.php(46): require_once('FCPATH/index.php')
CRITICAL - 2022-11-28 12:39:15 --> count(): Argument #1 ($value) must be of type Countable|array, null given
in APPPATH/Views/profile/dashboard.php on line 8.
 1 SYSTEMPATH/View/View.php(213): include()
 2 SYSTEMPATH/View/View.php(216): CodeIgniter\View\View->CodeIgniter\View\{closure}()
 3 SYSTEMPATH/Common.php(1142): CodeIgniter\View\View->render('profile/dashboard', [], true)
 4 APPPATH/Controllers/Profile.php(13): view('profile/dashboard')
 5 SYSTEMPATH/CodeIgniter.php(902): App\Controllers\Profile->index()
 6 SYSTEMPATH/CodeIgniter.php(457): CodeIgniter\CodeIgniter->runController(Object(App\Controllers\Profile))
 7 SYSTEMPATH/CodeIgniter.php(340): CodeIgniter\CodeIgniter->handleRequest(null, Object(Config\Cache), false)
 8 FCPATH/index.php(67): CodeIgniter\CodeIgniter->run()
 9 SYSTEMPATH/Commands/Server/rewrite.php(46): require_once('FCPATH/index.php')
CRITICAL - 2022-11-28 12:39:17 --> count(): Argument #1 ($value) must be of type Countable|array, null given
in APPPATH/Views/profile/dashboard.php on line 8.
 1 SYSTEMPATH/View/View.php(213): include()
 2 SYSTEMPATH/View/View.php(216): CodeIgniter\View\View->CodeIgniter\View\{closure}()
 3 SYSTEMPATH/Common.php(1142): CodeIgniter\View\View->render('profile/dashboard', [], true)
 4 APPPATH/Controllers/Profile.php(13): view('profile/dashboard')
 5 SYSTEMPATH/CodeIgniter.php(902): App\Controllers\Profile->index()
 6 SYSTEMPATH/CodeIgniter.php(457): CodeIgniter\CodeIgniter->runController(Object(App\Controllers\Profile))
 7 SYSTEMPATH/CodeIgniter.php(340): CodeIgniter\CodeIgniter->handleRequest(null, Object(Config\Cache), false)
 8 FCPATH/index.php(67): CodeIgniter\CodeIgniter->run()
 9 SYSTEMPATH/Commands/Server/rewrite.php(46): require_once('FCPATH/index.php')
CRITICAL - 2022-11-28 12:39:20 --> count(): Argument #1 ($value) must be of type Countable|array, null given
in APPPATH/Views/profile/dashboard.php on line 8.
 1 SYSTEMPATH/View/View.php(213): include()
 2 SYSTEMPATH/View/View.php(216): CodeIgniter\View\View->CodeIgniter\View\{closure}()
 3 SYSTEMPATH/Common.php(1142): CodeIgniter\View\View->render('profile/dashboard', [], true)
 4 APPPATH/Controllers/Profile.php(13): view('profile/dashboard')
 5 SYSTEMPATH/CodeIgniter.php(902): App\Controllers\Profile->index()
 6 SYSTEMPATH/CodeIgniter.php(457): CodeIgniter\CodeIgniter->runController(Object(App\Controllers\Profile))
 7 SYSTEMPATH/CodeIgniter.php(340): CodeIgniter\CodeIgniter->handleRequest(null, Object(Config\Cache), false)
 8 FCPATH/index.php(67): CodeIgniter\CodeIgniter->run()
 9 SYSTEMPATH/Commands/Server/rewrite.php(46): require_once('FCPATH/index.php')
