CRITICAL - 2022-11-01 02:32:53 --> Invalid file: layouts/default.php
in SYSTEMPATH/Exceptions/FrameworkException.php on line 33.
 1 SYSTEMPATH/View/View.php(201): CodeIgniter\Exceptions\FrameworkException::forInvalidFile('layouts/default.php')
 2 SYSTEMPATH/View/View.php(229): CodeIgniter\View\View->render('layouts/default', [], true)
 3 SYSTEMPATH/Common.php(1142): CodeIgniter\View\View->render('profile/login', [], true)
 4 APPPATH/Controllers/Profile.php(48): view('profile/login')
 5 SYSTEMPATH/CodeIgniter.php(902): App\Controllers\Profile->login()
 6 SYSTEMPATH/CodeIgniter.php(457): CodeIgniter\CodeIgniter->runController(Object(App\Controllers\Profile))
 7 SYSTEMPATH/CodeIgniter.php(340): CodeIgniter\CodeIgniter->handleRequest(null, Object(Config\Cache), false)
 8 FCPATH/index.php(67): CodeIgniter\CodeIgniter->run()
 9 SYSTEMPATH/Commands/Server/rewrite.php(46): require_once('FCPATH/index.php')
CRITICAL - 2022-11-01 02:34:18 --> Invalid file: layouts/default.php
in SYSTEMPATH/Exceptions/FrameworkException.php on line 33.
 1 SYSTEMPATH/View/View.php(201): CodeIgniter\Exceptions\FrameworkException::forInvalidFile('layouts/default.php')
 2 SYSTEMPATH/View/View.php(229): CodeIgniter\View\View->render('layouts/default', [], true)
 3 SYSTEMPATH/Common.php(1142): CodeIgniter\View\View->render('profile/login', [], true)
 4 APPPATH/Controllers/Profile.php(48): view('profile/login')
 5 SYSTEMPATH/CodeIgniter.php(902): App\Controllers\Profile->login()
 6 SYSTEMPATH/CodeIgniter.php(457): CodeIgniter\CodeIgniter->runController(Object(App\Controllers\Profile))
 7 SYSTEMPATH/CodeIgniter.php(340): CodeIgniter\CodeIgniter->handleRequest(null, Object(Config\Cache), false)
 8 FCPATH/index.php(67): CodeIgniter\CodeIgniter->run()
 9 SYSTEMPATH/Commands/Server/rewrite.php(46): require_once('FCPATH/index.php')
ERROR - 2022-11-01 04:28:02 --> Error connecting to the database: mysqli_sql_exception: No such file or directory in /Users/macintoshhdd/Projects/ufundme/vendor/codeigniter4/framework/system/Database/MySQLi/Connection.php:171
Stack trace:
#0 /Users/macintoshhdd/Projects/ufundme/vendor/codeigniter4/framework/system/Database/MySQLi/Connection.php(171): mysqli->real_connect('localhost', 'root', 'Mongoose_070791', 'ci4', 3306, '', 0)
#1 /Users/macintoshhdd/Projects/ufundme/vendor/codeigniter4/framework/system/Database/BaseConnection.php(382): CodeIgniter\Database\MySQLi\Connection->connect(false)
#2 /Users/macintoshhdd/Projects/ufundme/vendor/codeigniter4/framework/system/Database/BaseConnection.php(588): CodeIgniter\Database\BaseConnection->initialize()
#3 /Users/macintoshhdd/Projects/ufundme/vendor/codeigniter4/framework/system/Database/BaseBuilder.php(1585): CodeIgniter\Database\BaseConnection->query('SELECT 1\nFROM `...', Array, false)
#4 /Users/macintoshhdd/Projects/ufundme/vendor/codeigniter4/framework/system/Validation/Rules.php(142): CodeIgniter\Database\BaseBuilder->get()
#5 /Users/macintoshhdd/Projects/ufundme/vendor/codeigniter4/framework/system/Validation/Validation.php(315): CodeIgniter\Validation\Rules->is_unique('mic.costero@yah...', 'email', Array, NULL, 'email')
#6 /Users/macintoshhdd/Projects/ufundme/vendor/codeigniter4/framework/system/Validation/Validation.php(175): CodeIgniter\Validation\Validation->processRules('email', 'email', 'mic.costero@yah...', Array, Array)
#7 /Users/macintoshhdd/Projects/ufundme/vendor/codeigniter4/framework/system/Controller.php(140): CodeIgniter\Validation\Validation->run()
#8 /Users/macintoshhdd/Projects/ufundme/app/Controllers/Profile.php(79): CodeIgniter\Controller->validate(Array)
#9 /Users/macintoshhdd/Projects/ufundme/vendor/codeigniter4/framework/system/CodeIgniter.php(902): App\Controllers\Profile->register()
#10 /Users/macintoshhdd/Projects/ufundme/vendor/codeigniter4/framework/system/CodeIgniter.php(457): CodeIgniter\CodeIgniter->runController(Object(App\Controllers\Profile))
#11 /Users/macintoshhdd/Projects/ufundme/vendor/codeigniter4/framework/system/CodeIgniter.php(340): CodeIgniter\CodeIgniter->handleRequest(NULL, Object(Config\Cache), false)
#12 /Users/macintoshhdd/Projects/ufundme/public/index.php(67): CodeIgniter\CodeIgniter->run()
#13 /Users/macintoshhdd/Projects/ufundme/vendor/codeigniter4/framework/system/Commands/Server/rewrite.php(46): require_once('/Users/macintos...')
#14 {main}

Next CodeIgniter\Database\Exceptions\DatabaseException: No such file or directory in /Users/macintoshhdd/Projects/ufundme/vendor/codeigniter4/framework/system/Database/MySQLi/Connection.php:215
Stack trace:
#0 /Users/macintoshhdd/Projects/ufundme/vendor/codeigniter4/framework/system/Database/BaseConnection.php(382): CodeIgniter\Database\MySQLi\Connection->connect(false)
#1 /Users/macintoshhdd/Projects/ufundme/vendor/codeigniter4/framework/system/Database/BaseConnection.php(588): CodeIgniter\Database\BaseConnection->initialize()
#2 /Users/macintoshhdd/Projects/ufundme/vendor/codeigniter4/framework/system/Database/BaseBuilder.php(1585): CodeIgniter\Database\BaseConnection->query('SELECT 1\nFROM `...', Array, false)
#3 /Users/macintoshhdd/Projects/ufundme/vendor/codeigniter4/framework/system/Validation/Rules.php(142): CodeIgniter\Database\BaseBuilder->get()
#4 /Users/macintoshhdd/Projects/ufundme/vendor/codeigniter4/framework/system/Validation/Validation.php(315): CodeIgniter\Validation\Rules->is_unique('mic.costero@yah...', 'email', Array, NULL, 'email')
#5 /Users/macintoshhdd/Projects/ufundme/vendor/codeigniter4/framework/system/Validation/Validation.php(175): CodeIgniter\Validation\Validation->processRules('email', 'email', 'mic.costero@yah...', Array, Array)
#6 /Users/macintoshhdd/Projects/ufundme/vendor/codeigniter4/framework/system/Controller.php(140): CodeIgniter\Validation\Validation->run()
#7 /Users/macintoshhdd/Projects/ufundme/app/Controllers/Profile.php(79): CodeIgniter\Controller->validate(Array)
#8 /Users/macintoshhdd/Projects/ufundme/vendor/codeigniter4/framework/system/CodeIgniter.php(902): App\Controllers\Profile->register()
#9 /Users/macintoshhdd/Projects/ufundme/vendor/codeigniter4/framework/system/CodeIgniter.php(457): CodeIgniter\CodeIgniter->runController(Object(App\Controllers\Profile))
#10 /Users/macintoshhdd/Projects/ufundme/vendor/codeigniter4/framework/system/CodeIgniter.php(340): CodeIgniter\CodeIgniter->handleRequest(NULL, Object(Config\Cache), false)
#11 /Users/macintoshhdd/Projects/ufundme/public/index.php(67): CodeIgniter\CodeIgniter->run()
#12 /Users/macintoshhdd/Projects/ufundme/vendor/codeigniter4/framework/system/Commands/Server/rewrite.php(46): require_once('/Users/macintos...')
#13 {main}
CRITICAL - 2022-11-01 04:28:02 --> Unable to connect to the database.
Main connection [MySQLi]: No such file or directory
in SYSTEMPATH/Database/BaseConnection.php on line 418.
 1 SYSTEMPATH/Database/BaseConnection.php(588): CodeIgniter\Database\BaseConnection->initialize()
 2 SYSTEMPATH/Database/BaseBuilder.php(1585): CodeIgniter\Database\BaseConnection->query('SELECT 1
FROM `tbl_users`
WHERE `email` = :email:
 LIMIT 1', [...], false)
 3 SYSTEMPATH/Validation/Rules.php(142): CodeIgniter\Database\BaseBuilder->get()
 4 SYSTEMPATH/Validation/Validation.php(315): CodeIgniter\Validation\Rules->is_unique('mic.costero@yahoo.com', 'email', [...], null, 'email')
 5 SYSTEMPATH/Validation/Validation.php(175): CodeIgniter\Validation\Validation->processRules('email', 'email', 'mic.costero@yahoo.com', [...], [...])
 6 SYSTEMPATH/Controller.php(140): CodeIgniter\Validation\Validation->run()
 7 APPPATH/Controllers/Profile.php(79): CodeIgniter\Controller->validate([...])
 8 SYSTEMPATH/CodeIgniter.php(902): App\Controllers\Profile->register()
 9 SYSTEMPATH/CodeIgniter.php(457): CodeIgniter\CodeIgniter->runController(Object(App\Controllers\Profile))
10 SYSTEMPATH/CodeIgniter.php(340): CodeIgniter\CodeIgniter->handleRequest(null, Object(Config\Cache), false)
11 FCPATH/index.php(67): CodeIgniter\CodeIgniter->run()
12 SYSTEMPATH/Commands/Server/rewrite.php(46): require_once('FCPATH/index.php')
ERROR - 2022-11-01 04:31:17 --> Error connecting to the database: mysqli_sql_exception: No such file or directory in /Users/macintoshhdd/Projects/ufundme/vendor/codeigniter4/framework/system/Database/MySQLi/Connection.php:171
Stack trace:
#0 /Users/macintoshhdd/Projects/ufundme/vendor/codeigniter4/framework/system/Database/MySQLi/Connection.php(171): mysqli->real_connect('localhost', 'root', 'Mongoose_070791', 'ci4', 3306, '', 0)
#1 /Users/macintoshhdd/Projects/ufundme/vendor/codeigniter4/framework/system/Database/BaseConnection.php(382): CodeIgniter\Database\MySQLi\Connection->connect(false)
#2 /Users/macintoshhdd/Projects/ufundme/vendor/codeigniter4/framework/system/Database/BaseConnection.php(588): CodeIgniter\Database\BaseConnection->initialize()
#3 /Users/macintoshhdd/Projects/ufundme/vendor/codeigniter4/framework/system/Database/BaseBuilder.php(1585): CodeIgniter\Database\BaseConnection->query('SELECT 1\nFROM `...', Array, false)
#4 /Users/macintoshhdd/Projects/ufundme/vendor/codeigniter4/framework/system/Validation/Rules.php(142): CodeIgniter\Database\BaseBuilder->get()
#5 /Users/macintoshhdd/Projects/ufundme/vendor/codeigniter4/framework/system/Validation/Validation.php(315): CodeIgniter\Validation\Rules->is_unique('mic.costero@yah...', 'email', Array, NULL, 'email')
#6 /Users/macintoshhdd/Projects/ufundme/vendor/codeigniter4/framework/system/Validation/Validation.php(175): CodeIgniter\Validation\Validation->processRules('email', 'email', 'mic.costero@yah...', Array, Array)
#7 /Users/macintoshhdd/Projects/ufundme/vendor/codeigniter4/framework/system/Controller.php(140): CodeIgniter\Validation\Validation->run()
#8 /Users/macintoshhdd/Projects/ufundme/app/Controllers/Profile.php(79): CodeIgniter\Controller->validate(Array)
#9 /Users/macintoshhdd/Projects/ufundme/vendor/codeigniter4/framework/system/CodeIgniter.php(902): App\Controllers\Profile->register()
#10 /Users/macintoshhdd/Projects/ufundme/vendor/codeigniter4/framework/system/CodeIgniter.php(457): CodeIgniter\CodeIgniter->runController(Object(App\Controllers\Profile))
#11 /Users/macintoshhdd/Projects/ufundme/vendor/codeigniter4/framework/system/CodeIgniter.php(340): CodeIgniter\CodeIgniter->handleRequest(NULL, Object(Config\Cache), false)
#12 /Users/macintoshhdd/Projects/ufundme/public/index.php(67): CodeIgniter\CodeIgniter->run()
#13 /Users/macintoshhdd/Projects/ufundme/vendor/codeigniter4/framework/system/Commands/Server/rewrite.php(46): require_once('/Users/macintos...')
#14 {main}

Next CodeIgniter\Database\Exceptions\DatabaseException: No such file or directory in /Users/macintoshhdd/Projects/ufundme/vendor/codeigniter4/framework/system/Database/MySQLi/Connection.php:215
Stack trace:
#0 /Users/macintoshhdd/Projects/ufundme/vendor/codeigniter4/framework/system/Database/BaseConnection.php(382): CodeIgniter\Database\MySQLi\Connection->connect(false)
#1 /Users/macintoshhdd/Projects/ufundme/vendor/codeigniter4/framework/system/Database/BaseConnection.php(588): CodeIgniter\Database\BaseConnection->initialize()
#2 /Users/macintoshhdd/Projects/ufundme/vendor/codeigniter4/framework/system/Database/BaseBuilder.php(1585): CodeIgniter\Database\BaseConnection->query('SELECT 1\nFROM `...', Array, false)
#3 /Users/macintoshhdd/Projects/ufundme/vendor/codeigniter4/framework/system/Validation/Rules.php(142): CodeIgniter\Database\BaseBuilder->get()
#4 /Users/macintoshhdd/Projects/ufundme/vendor/codeigniter4/framework/system/Validation/Validation.php(315): CodeIgniter\Validation\Rules->is_unique('mic.costero@yah...', 'email', Array, NULL, 'email')
#5 /Users/macintoshhdd/Projects/ufundme/vendor/codeigniter4/framework/system/Validation/Validation.php(175): CodeIgniter\Validation\Validation->processRules('email', 'email', 'mic.costero@yah...', Array, Array)
#6 /Users/macintoshhdd/Projects/ufundme/vendor/codeigniter4/framework/system/Controller.php(140): CodeIgniter\Validation\Validation->run()
#7 /Users/macintoshhdd/Projects/ufundme/app/Controllers/Profile.php(79): CodeIgniter\Controller->validate(Array)
#8 /Users/macintoshhdd/Projects/ufundme/vendor/codeigniter4/framework/system/CodeIgniter.php(902): App\Controllers\Profile->register()
#9 /Users/macintoshhdd/Projects/ufundme/vendor/codeigniter4/framework/system/CodeIgniter.php(457): CodeIgniter\CodeIgniter->runController(Object(App\Controllers\Profile))
#10 /Users/macintoshhdd/Projects/ufundme/vendor/codeigniter4/framework/system/CodeIgniter.php(340): CodeIgniter\CodeIgniter->handleRequest(NULL, Object(Config\Cache), false)
#11 /Users/macintoshhdd/Projects/ufundme/public/index.php(67): CodeIgniter\CodeIgniter->run()
#12 /Users/macintoshhdd/Projects/ufundme/vendor/codeigniter4/framework/system/Commands/Server/rewrite.php(46): require_once('/Users/macintos...')
#13 {main}
CRITICAL - 2022-11-01 04:31:17 --> Unable to connect to the database.
Main connection [MySQLi]: No such file or directory
in SYSTEMPATH/Database/BaseConnection.php on line 418.
 1 SYSTEMPATH/Database/BaseConnection.php(588): CodeIgniter\Database\BaseConnection->initialize()
 2 SYSTEMPATH/Database/BaseBuilder.php(1585): CodeIgniter\Database\BaseConnection->query('SELECT 1
FROM `tbl_users`
WHERE `email` = :email:
 LIMIT 1', [...], false)
 3 SYSTEMPATH/Validation/Rules.php(142): CodeIgniter\Database\BaseBuilder->get()
 4 SYSTEMPATH/Validation/Validation.php(315): CodeIgniter\Validation\Rules->is_unique('mic.costero@yahoo.com', 'email', [...], null, 'email')
 5 SYSTEMPATH/Validation/Validation.php(175): CodeIgniter\Validation\Validation->processRules('email', 'email', 'mic.costero@yahoo.com', [...], [...])
 6 SYSTEMPATH/Controller.php(140): CodeIgniter\Validation\Validation->run()
 7 APPPATH/Controllers/Profile.php(79): CodeIgniter\Controller->validate([...])
 8 SYSTEMPATH/CodeIgniter.php(902): App\Controllers\Profile->register()
 9 SYSTEMPATH/CodeIgniter.php(457): CodeIgniter\CodeIgniter->runController(Object(App\Controllers\Profile))
10 SYSTEMPATH/CodeIgniter.php(340): CodeIgniter\CodeIgniter->handleRequest(null, Object(Config\Cache), false)
11 FCPATH/index.php(67): CodeIgniter\CodeIgniter->run()
12 SYSTEMPATH/Commands/Server/rewrite.php(46): require_once('FCPATH/index.php')
ERROR - 2022-11-01 04:32:53 --> Error connecting to the database: mysqli_sql_exception: No such file or directory in /Users/macintoshhdd/Projects/ufundme/vendor/codeigniter4/framework/system/Database/MySQLi/Connection.php:171
Stack trace:
#0 /Users/macintoshhdd/Projects/ufundme/vendor/codeigniter4/framework/system/Database/MySQLi/Connection.php(171): mysqli->real_connect('localhost', 'root', 'Mongoose_070791', 'ci4', 3306, '', 0)
#1 /Users/macintoshhdd/Projects/ufundme/vendor/codeigniter4/framework/system/Database/BaseConnection.php(382): CodeIgniter\Database\MySQLi\Connection->connect(false)
#2 /Users/macintoshhdd/Projects/ufundme/vendor/codeigniter4/framework/system/Database/BaseConnection.php(588): CodeIgniter\Database\BaseConnection->initialize()
#3 /Users/macintoshhdd/Projects/ufundme/vendor/codeigniter4/framework/system/Database/BaseBuilder.php(1585): CodeIgniter\Database\BaseConnection->query('SELECT 1\nFROM `...', Array, false)
#4 /Users/macintoshhdd/Projects/ufundme/vendor/codeigniter4/framework/system/Validation/Rules.php(142): CodeIgniter\Database\BaseBuilder->get()
#5 /Users/macintoshhdd/Projects/ufundme/vendor/codeigniter4/framework/system/Validation/Validation.php(315): CodeIgniter\Validation\Rules->is_unique('mic.costero@yah...', 'email', Array, NULL, 'email')
#6 /Users/macintoshhdd/Projects/ufundme/vendor/codeigniter4/framework/system/Validation/Validation.php(175): CodeIgniter\Validation\Validation->processRules('email', 'email', 'mic.costero@yah...', Array, Array)
#7 /Users/macintoshhdd/Projects/ufundme/vendor/codeigniter4/framework/system/Controller.php(140): CodeIgniter\Validation\Validation->run()
#8 /Users/macintoshhdd/Projects/ufundme/app/Controllers/Profile.php(79): CodeIgniter\Controller->validate(Array)
#9 /Users/macintoshhdd/Projects/ufundme/vendor/codeigniter4/framework/system/CodeIgniter.php(902): App\Controllers\Profile->register()
#10 /Users/macintoshhdd/Projects/ufundme/vendor/codeigniter4/framework/system/CodeIgniter.php(457): CodeIgniter\CodeIgniter->runController(Object(App\Controllers\Profile))
#11 /Users/macintoshhdd/Projects/ufundme/vendor/codeigniter4/framework/system/CodeIgniter.php(340): CodeIgniter\CodeIgniter->handleRequest(NULL, Object(Config\Cache), false)
#12 /Users/macintoshhdd/Projects/ufundme/public/index.php(67): CodeIgniter\CodeIgniter->run()
#13 /Users/macintoshhdd/Projects/ufundme/vendor/codeigniter4/framework/system/Commands/Server/rewrite.php(46): require_once('/Users/macintos...')
#14 {main}

Next CodeIgniter\Database\Exceptions\DatabaseException: No such file or directory in /Users/macintoshhdd/Projects/ufundme/vendor/codeigniter4/framework/system/Database/MySQLi/Connection.php:215
Stack trace:
#0 /Users/macintoshhdd/Projects/ufundme/vendor/codeigniter4/framework/system/Database/BaseConnection.php(382): CodeIgniter\Database\MySQLi\Connection->connect(false)
#1 /Users/macintoshhdd/Projects/ufundme/vendor/codeigniter4/framework/system/Database/BaseConnection.php(588): CodeIgniter\Database\BaseConnection->initialize()
#2 /Users/macintoshhdd/Projects/ufundme/vendor/codeigniter4/framework/system/Database/BaseBuilder.php(1585): CodeIgniter\Database\BaseConnection->query('SELECT 1\nFROM `...', Array, false)
#3 /Users/macintoshhdd/Projects/ufundme/vendor/codeigniter4/framework/system/Validation/Rules.php(142): CodeIgniter\Database\BaseBuilder->get()
#4 /Users/macintoshhdd/Projects/ufundme/vendor/codeigniter4/framework/system/Validation/Validation.php(315): CodeIgniter\Validation\Rules->is_unique('mic.costero@yah...', 'email', Array, NULL, 'email')
#5 /Users/macintoshhdd/Projects/ufundme/vendor/codeigniter4/framework/system/Validation/Validation.php(175): CodeIgniter\Validation\Validation->processRules('email', 'email', 'mic.costero@yah...', Array, Array)
#6 /Users/macintoshhdd/Projects/ufundme/vendor/codeigniter4/framework/system/Controller.php(140): CodeIgniter\Validation\Validation->run()
#7 /Users/macintoshhdd/Projects/ufundme/app/Controllers/Profile.php(79): CodeIgniter\Controller->validate(Array)
#8 /Users/macintoshhdd/Projects/ufundme/vendor/codeigniter4/framework/system/CodeIgniter.php(902): App\Controllers\Profile->register()
#9 /Users/macintoshhdd/Projects/ufundme/vendor/codeigniter4/framework/system/CodeIgniter.php(457): CodeIgniter\CodeIgniter->runController(Object(App\Controllers\Profile))
#10 /Users/macintoshhdd/Projects/ufundme/vendor/codeigniter4/framework/system/CodeIgniter.php(340): CodeIgniter\CodeIgniter->handleRequest(NULL, Object(Config\Cache), false)
#11 /Users/macintoshhdd/Projects/ufundme/public/index.php(67): CodeIgniter\CodeIgniter->run()
#12 /Users/macintoshhdd/Projects/ufundme/vendor/codeigniter4/framework/system/Commands/Server/rewrite.php(46): require_once('/Users/macintos...')
#13 {main}
CRITICAL - 2022-11-01 04:32:53 --> Unable to connect to the database.
Main connection [MySQLi]: No such file or directory
in SYSTEMPATH/Database/BaseConnection.php on line 418.
 1 SYSTEMPATH/Database/BaseConnection.php(588): CodeIgniter\Database\BaseConnection->initialize()
 2 SYSTEMPATH/Database/BaseBuilder.php(1585): CodeIgniter\Database\BaseConnection->query('SELECT 1
FROM `tbl_users`
WHERE `email` = :email:
 LIMIT 1', [...], false)
 3 SYSTEMPATH/Validation/Rules.php(142): CodeIgniter\Database\BaseBuilder->get()
 4 SYSTEMPATH/Validation/Validation.php(315): CodeIgniter\Validation\Rules->is_unique('mic.costero@yahoo.com', 'email', [...], null, 'email')
 5 SYSTEMPATH/Validation/Validation.php(175): CodeIgniter\Validation\Validation->processRules('email', 'email', 'mic.costero@yahoo.com', [...], [...])
 6 SYSTEMPATH/Controller.php(140): CodeIgniter\Validation\Validation->run()
 7 APPPATH/Controllers/Profile.php(79): CodeIgniter\Controller->validate([...])
 8 SYSTEMPATH/CodeIgniter.php(902): App\Controllers\Profile->register()
 9 SYSTEMPATH/CodeIgniter.php(457): CodeIgniter\CodeIgniter->runController(Object(App\Controllers\Profile))
10 SYSTEMPATH/CodeIgniter.php(340): CodeIgniter\CodeIgniter->handleRequest(null, Object(Config\Cache), false)
11 FCPATH/index.php(67): CodeIgniter\CodeIgniter->run()
12 SYSTEMPATH/Commands/Server/rewrite.php(46): require_once('FCPATH/index.php')
ERROR - 2022-11-01 04:45:37 --> Error connecting to the database: mysqli_sql_exception: Unknown database 'ci4' in /Users/macintoshhdd/Projects/ufundme/vendor/codeigniter4/framework/system/Database/MySQLi/Connection.php:171
Stack trace:
#0 /Users/macintoshhdd/Projects/ufundme/vendor/codeigniter4/framework/system/Database/MySQLi/Connection.php(171): mysqli->real_connect('localhost', 'root', 'Mongoose_070791', 'ci4', 3306, '', 0)
#1 /Users/macintoshhdd/Projects/ufundme/vendor/codeigniter4/framework/system/Database/BaseConnection.php(382): CodeIgniter\Database\MySQLi\Connection->connect(false)
#2 /Users/macintoshhdd/Projects/ufundme/vendor/codeigniter4/framework/system/Database/BaseConnection.php(588): CodeIgniter\Database\BaseConnection->initialize()
#3 /Users/macintoshhdd/Projects/ufundme/vendor/codeigniter4/framework/system/Database/BaseBuilder.php(1585): CodeIgniter\Database\BaseConnection->query('SELECT 1\nFROM `...', Array, false)
#4 /Users/macintoshhdd/Projects/ufundme/vendor/codeigniter4/framework/system/Validation/Rules.php(142): CodeIgniter\Database\BaseBuilder->get()
#5 /Users/macintoshhdd/Projects/ufundme/vendor/codeigniter4/framework/system/Validation/Validation.php(315): CodeIgniter\Validation\Rules->is_unique('mic.costero@yah...', 'email', Array, NULL, 'email')
#6 /Users/macintoshhdd/Projects/ufundme/vendor/codeigniter4/framework/system/Validation/Validation.php(175): CodeIgniter\Validation\Validation->processRules('email', 'email', 'mic.costero@yah...', Array, Array)
#7 /Users/macintoshhdd/Projects/ufundme/vendor/codeigniter4/framework/system/Controller.php(140): CodeIgniter\Validation\Validation->run()
#8 /Users/macintoshhdd/Projects/ufundme/app/Controllers/Profile.php(79): CodeIgniter\Controller->validate(Array)
#9 /Users/macintoshhdd/Projects/ufundme/vendor/codeigniter4/framework/system/CodeIgniter.php(902): App\Controllers\Profile->register()
#10 /Users/macintoshhdd/Projects/ufundme/vendor/codeigniter4/framework/system/CodeIgniter.php(457): CodeIgniter\CodeIgniter->runController(Object(App\Controllers\Profile))
#11 /Users/macintoshhdd/Projects/ufundme/vendor/codeigniter4/framework/system/CodeIgniter.php(340): CodeIgniter\CodeIgniter->handleRequest(NULL, Object(Config\Cache), false)
#12 /Users/macintoshhdd/Projects/ufundme/public/index.php(67): CodeIgniter\CodeIgniter->run()
#13 /Users/macintoshhdd/Projects/ufundme/vendor/codeigniter4/framework/system/Commands/Server/rewrite.php(46): require_once('/Users/macintos...')
#14 {main}

Next CodeIgniter\Database\Exceptions\DatabaseException: Unknown database 'ci4' in /Users/macintoshhdd/Projects/ufundme/vendor/codeigniter4/framework/system/Database/MySQLi/Connection.php:215
Stack trace:
#0 /Users/macintoshhdd/Projects/ufundme/vendor/codeigniter4/framework/system/Database/BaseConnection.php(382): CodeIgniter\Database\MySQLi\Connection->connect(false)
#1 /Users/macintoshhdd/Projects/ufundme/vendor/codeigniter4/framework/system/Database/BaseConnection.php(588): CodeIgniter\Database\BaseConnection->initialize()
#2 /Users/macintoshhdd/Projects/ufundme/vendor/codeigniter4/framework/system/Database/BaseBuilder.php(1585): CodeIgniter\Database\BaseConnection->query('SELECT 1\nFROM `...', Array, false)
#3 /Users/macintoshhdd/Projects/ufundme/vendor/codeigniter4/framework/system/Validation/Rules.php(142): CodeIgniter\Database\BaseBuilder->get()
#4 /Users/macintoshhdd/Projects/ufundme/vendor/codeigniter4/framework/system/Validation/Validation.php(315): CodeIgniter\Validation\Rules->is_unique('mic.costero@yah...', 'email', Array, NULL, 'email')
#5 /Users/macintoshhdd/Projects/ufundme/vendor/codeigniter4/framework/system/Validation/Validation.php(175): CodeIgniter\Validation\Validation->processRules('email', 'email', 'mic.costero@yah...', Array, Array)
#6 /Users/macintoshhdd/Projects/ufundme/vendor/codeigniter4/framework/system/Controller.php(140): CodeIgniter\Validation\Validation->run()
#7 /Users/macintoshhdd/Projects/ufundme/app/Controllers/Profile.php(79): CodeIgniter\Controller->validate(Array)
#8 /Users/macintoshhdd/Projects/ufundme/vendor/codeigniter4/framework/system/CodeIgniter.php(902): App\Controllers\Profile->register()
#9 /Users/macintoshhdd/Projects/ufundme/vendor/codeigniter4/framework/system/CodeIgniter.php(457): CodeIgniter\CodeIgniter->runController(Object(App\Controllers\Profile))
#10 /Users/macintoshhdd/Projects/ufundme/vendor/codeigniter4/framework/system/CodeIgniter.php(340): CodeIgniter\CodeIgniter->handleRequest(NULL, Object(Config\Cache), false)
#11 /Users/macintoshhdd/Projects/ufundme/public/index.php(67): CodeIgniter\CodeIgniter->run()
#12 /Users/macintoshhdd/Projects/ufundme/vendor/codeigniter4/framework/system/Commands/Server/rewrite.php(46): require_once('/Users/macintos...')
#13 {main}
CRITICAL - 2022-11-01 04:45:37 --> Unable to connect to the database.
Main connection [MySQLi]: Unknown database 'ci4'
in SYSTEMPATH/Database/BaseConnection.php on line 418.
 1 SYSTEMPATH/Database/BaseConnection.php(588): CodeIgniter\Database\BaseConnection->initialize()
 2 SYSTEMPATH/Database/BaseBuilder.php(1585): CodeIgniter\Database\BaseConnection->query('SELECT 1
FROM `tbl_users`
WHERE `email` = :email:
 LIMIT 1', [...], false)
 3 SYSTEMPATH/Validation/Rules.php(142): CodeIgniter\Database\BaseBuilder->get()
 4 SYSTEMPATH/Validation/Validation.php(315): CodeIgniter\Validation\Rules->is_unique('mic.costero@yahoo.com', 'email', [...], null, 'email')
 5 SYSTEMPATH/Validation/Validation.php(175): CodeIgniter\Validation\Validation->processRules('email', 'email', 'mic.costero@yahoo.com', [...], [...])
 6 SYSTEMPATH/Controller.php(140): CodeIgniter\Validation\Validation->run()
 7 APPPATH/Controllers/Profile.php(79): CodeIgniter\Controller->validate([...])
 8 SYSTEMPATH/CodeIgniter.php(902): App\Controllers\Profile->register()
 9 SYSTEMPATH/CodeIgniter.php(457): CodeIgniter\CodeIgniter->runController(Object(App\Controllers\Profile))
10 SYSTEMPATH/CodeIgniter.php(340): CodeIgniter\CodeIgniter->handleRequest(null, Object(Config\Cache), false)
11 FCPATH/index.php(67): CodeIgniter\CodeIgniter->run()
12 SYSTEMPATH/Commands/Server/rewrite.php(46): require_once('FCPATH/index.php')
ERROR - 2022-11-01 04:49:24 --> Error connecting to the database: mysqli_sql_exception: Unknown database 'ci4' in /Users/macintoshhdd/Projects/ufundme/vendor/codeigniter4/framework/system/Database/MySQLi/Connection.php:171
Stack trace:
#0 /Users/macintoshhdd/Projects/ufundme/vendor/codeigniter4/framework/system/Database/MySQLi/Connection.php(171): mysqli->real_connect('localhost', 'root', 'Mongoose_070791', 'ci4', 3306, '', 0)
#1 /Users/macintoshhdd/Projects/ufundme/vendor/codeigniter4/framework/system/Database/BaseConnection.php(382): CodeIgniter\Database\MySQLi\Connection->connect(false)
#2 /Users/macintoshhdd/Projects/ufundme/vendor/codeigniter4/framework/system/Database/BaseConnection.php(588): CodeIgniter\Database\BaseConnection->initialize()
#3 /Users/macintoshhdd/Projects/ufundme/vendor/codeigniter4/framework/system/Database/BaseBuilder.php(1585): CodeIgniter\Database\BaseConnection->query('SELECT 1\nFROM `...', Array, false)
#4 /Users/macintoshhdd/Projects/ufundme/vendor/codeigniter4/framework/system/Validation/Rules.php(142): CodeIgniter\Database\BaseBuilder->get()
#5 /Users/macintoshhdd/Projects/ufundme/vendor/codeigniter4/framework/system/Validation/Validation.php(315): CodeIgniter\Validation\Rules->is_unique('mic.costero@yah...', 'email', Array, NULL, 'email')
#6 /Users/macintoshhdd/Projects/ufundme/vendor/codeigniter4/framework/system/Validation/Validation.php(175): CodeIgniter\Validation\Validation->processRules('email', 'email', 'mic.costero@yah...', Array, Array)
#7 /Users/macintoshhdd/Projects/ufundme/vendor/codeigniter4/framework/system/Controller.php(140): CodeIgniter\Validation\Validation->run()
#8 /Users/macintoshhdd/Projects/ufundme/app/Controllers/Profile.php(79): CodeIgniter\Controller->validate(Array)
#9 /Users/macintoshhdd/Projects/ufundme/vendor/codeigniter4/framework/system/CodeIgniter.php(902): App\Controllers\Profile->register()
#10 /Users/macintoshhdd/Projects/ufundme/vendor/codeigniter4/framework/system/CodeIgniter.php(457): CodeIgniter\CodeIgniter->runController(Object(App\Controllers\Profile))
#11 /Users/macintoshhdd/Projects/ufundme/vendor/codeigniter4/framework/system/CodeIgniter.php(340): CodeIgniter\CodeIgniter->handleRequest(NULL, Object(Config\Cache), false)
#12 /Users/macintoshhdd/Projects/ufundme/public/index.php(67): CodeIgniter\CodeIgniter->run()
#13 /Users/macintoshhdd/Projects/ufundme/vendor/codeigniter4/framework/system/Commands/Server/rewrite.php(46): require_once('/Users/macintos...')
#14 {main}

Next CodeIgniter\Database\Exceptions\DatabaseException: Unknown database 'ci4' in /Users/macintoshhdd/Projects/ufundme/vendor/codeigniter4/framework/system/Database/MySQLi/Connection.php:215
Stack trace:
#0 /Users/macintoshhdd/Projects/ufundme/vendor/codeigniter4/framework/system/Database/BaseConnection.php(382): CodeIgniter\Database\MySQLi\Connection->connect(false)
#1 /Users/macintoshhdd/Projects/ufundme/vendor/codeigniter4/framework/system/Database/BaseConnection.php(588): CodeIgniter\Database\BaseConnection->initialize()
#2 /Users/macintoshhdd/Projects/ufundme/vendor/codeigniter4/framework/system/Database/BaseBuilder.php(1585): CodeIgniter\Database\BaseConnection->query('SELECT 1\nFROM `...', Array, false)
#3 /Users/macintoshhdd/Projects/ufundme/vendor/codeigniter4/framework/system/Validation/Rules.php(142): CodeIgniter\Database\BaseBuilder->get()
#4 /Users/macintoshhdd/Projects/ufundme/vendor/codeigniter4/framework/system/Validation/Validation.php(315): CodeIgniter\Validation\Rules->is_unique('mic.costero@yah...', 'email', Array, NULL, 'email')
#5 /Users/macintoshhdd/Projects/ufundme/vendor/codeigniter4/framework/system/Validation/Validation.php(175): CodeIgniter\Validation\Validation->processRules('email', 'email', 'mic.costero@yah...', Array, Array)
#6 /Users/macintoshhdd/Projects/ufundme/vendor/codeigniter4/framework/system/Controller.php(140): CodeIgniter\Validation\Validation->run()
#7 /Users/macintoshhdd/Projects/ufundme/app/Controllers/Profile.php(79): CodeIgniter\Controller->validate(Array)
#8 /Users/macintoshhdd/Projects/ufundme/vendor/codeigniter4/framework/system/CodeIgniter.php(902): App\Controllers\Profile->register()
#9 /Users/macintoshhdd/Projects/ufundme/vendor/codeigniter4/framework/system/CodeIgniter.php(457): CodeIgniter\CodeIgniter->runController(Object(App\Controllers\Profile))
#10 /Users/macintoshhdd/Projects/ufundme/vendor/codeigniter4/framework/system/CodeIgniter.php(340): CodeIgniter\CodeIgniter->handleRequest(NULL, Object(Config\Cache), false)
#11 /Users/macintoshhdd/Projects/ufundme/public/index.php(67): CodeIgniter\CodeIgniter->run()
#12 /Users/macintoshhdd/Projects/ufundme/vendor/codeigniter4/framework/system/Commands/Server/rewrite.php(46): require_once('/Users/macintos...')
#13 {main}
CRITICAL - 2022-11-01 04:49:24 --> Unable to connect to the database.
Main connection [MySQLi]: Unknown database 'ci4'
in SYSTEMPATH/Database/BaseConnection.php on line 418.
 1 SYSTEMPATH/Database/BaseConnection.php(588): CodeIgniter\Database\BaseConnection->initialize()
 2 SYSTEMPATH/Database/BaseBuilder.php(1585): CodeIgniter\Database\BaseConnection->query('SELECT 1
FROM `tbl_users`
WHERE `email` = :email:
 LIMIT 1', [...], false)
 3 SYSTEMPATH/Validation/Rules.php(142): CodeIgniter\Database\BaseBuilder->get()
 4 SYSTEMPATH/Validation/Validation.php(315): CodeIgniter\Validation\Rules->is_unique('mic.costero@yahoo.com', 'email', [...], null, 'email')
 5 SYSTEMPATH/Validation/Validation.php(175): CodeIgniter\Validation\Validation->processRules('email', 'email', 'mic.costero@yahoo.com', [...], [...])
 6 SYSTEMPATH/Controller.php(140): CodeIgniter\Validation\Validation->run()
 7 APPPATH/Controllers/Profile.php(79): CodeIgniter\Controller->validate([...])
 8 SYSTEMPATH/CodeIgniter.php(902): App\Controllers\Profile->register()
 9 SYSTEMPATH/CodeIgniter.php(457): CodeIgniter\CodeIgniter->runController(Object(App\Controllers\Profile))
10 SYSTEMPATH/CodeIgniter.php(340): CodeIgniter\CodeIgniter->handleRequest(null, Object(Config\Cache), false)
11 FCPATH/index.php(67): CodeIgniter\CodeIgniter->run()
12 SYSTEMPATH/Commands/Server/rewrite.php(46): require_once('FCPATH/index.php')
ERROR - 2022-11-01 04:53:37 --> mysqli_sql_exception: Table 'ufundme.tbl_users' doesn't exist in /Users/macintoshhdd/Projects/ufundme/vendor/codeigniter4/framework/system/Database/MySQLi/Connection.php:292
Stack trace:
#0 /Users/macintoshhdd/Projects/ufundme/vendor/codeigniter4/framework/system/Database/MySQLi/Connection.php(292): mysqli->query('SELECT 1\nFROM `...', 0)
#1 /Users/macintoshhdd/Projects/ufundme/vendor/codeigniter4/framework/system/Database/BaseConnection.php(693): CodeIgniter\Database\MySQLi\Connection->execute('SELECT 1\nFROM `...')
#2 /Users/macintoshhdd/Projects/ufundme/vendor/codeigniter4/framework/system/Database/BaseConnection.php(620): CodeIgniter\Database\BaseConnection->simpleQuery('SELECT 1\nFROM `...')
#3 /Users/macintoshhdd/Projects/ufundme/vendor/codeigniter4/framework/system/Database/BaseBuilder.php(1585): CodeIgniter\Database\BaseConnection->query('SELECT 1\nFROM `...', Array, false)
#4 /Users/macintoshhdd/Projects/ufundme/vendor/codeigniter4/framework/system/Validation/Rules.php(142): CodeIgniter\Database\BaseBuilder->get()
#5 /Users/macintoshhdd/Projects/ufundme/vendor/codeigniter4/framework/system/Validation/Validation.php(315): CodeIgniter\Validation\Rules->is_unique('mic.costero@yah...', 'email', Array, NULL, 'email')
#6 /Users/macintoshhdd/Projects/ufundme/vendor/codeigniter4/framework/system/Validation/Validation.php(175): CodeIgniter\Validation\Validation->processRules('email', 'email', 'mic.costero@yah...', Array, Array)
#7 /Users/macintoshhdd/Projects/ufundme/vendor/codeigniter4/framework/system/Controller.php(140): CodeIgniter\Validation\Validation->run()
#8 /Users/macintoshhdd/Projects/ufundme/app/Controllers/Profile.php(79): CodeIgniter\Controller->validate(Array)
#9 /Users/macintoshhdd/Projects/ufundme/vendor/codeigniter4/framework/system/CodeIgniter.php(902): App\Controllers\Profile->register()
#10 /Users/macintoshhdd/Projects/ufundme/vendor/codeigniter4/framework/system/CodeIgniter.php(457): CodeIgniter\CodeIgniter->runController(Object(App\Controllers\Profile))
#11 /Users/macintoshhdd/Projects/ufundme/vendor/codeigniter4/framework/system/CodeIgniter.php(340): CodeIgniter\CodeIgniter->handleRequest(NULL, Object(Config\Cache), false)
#12 /Users/macintoshhdd/Projects/ufundme/public/index.php(67): CodeIgniter\CodeIgniter->run()
#13 /Users/macintoshhdd/Projects/ufundme/vendor/codeigniter4/framework/system/Commands/Server/rewrite.php(46): require_once('/Users/macintos...')
#14 {main}
CRITICAL - 2022-11-01 04:53:37 --> Table 'ufundme.tbl_users' doesn't exist
in SYSTEMPATH/Database/MySQLi/Connection.php on line 292.
 1 SYSTEMPATH/Database/MySQLi/Connection.php(292): mysqli->query('SELECT 1
FROM `tbl_users`
WHERE `email` = \'mic.costero@yahoo.com\'
 LIMIT 1', 0)
 2 SYSTEMPATH/Database/BaseConnection.php(693): CodeIgniter\Database\MySQLi\Connection->execute('SELECT 1
FROM `tbl_users`
WHERE `email` = \'mic.costero@yahoo.com\'
 LIMIT 1')
 3 SYSTEMPATH/Database/BaseConnection.php(620): CodeIgniter\Database\BaseConnection->simpleQuery('SELECT 1
FROM `tbl_users`
WHERE `email` = \'mic.costero@yahoo.com\'
 LIMIT 1')
 4 SYSTEMPATH/Database/BaseBuilder.php(1585): CodeIgniter\Database\BaseConnection->query('SELECT 1
FROM `tbl_users`
WHERE `email` = :email:
 LIMIT 1', [...], false)
 5 SYSTEMPATH/Validation/Rules.php(142): CodeIgniter\Database\BaseBuilder->get()
 6 SYSTEMPATH/Validation/Validation.php(315): CodeIgniter\Validation\Rules->is_unique('mic.costero@yahoo.com', 'email', [...], null, 'email')
 7 SYSTEMPATH/Validation/Validation.php(175): CodeIgniter\Validation\Validation->processRules('email', 'email', 'mic.costero@yahoo.com', [...], [...])
 8 SYSTEMPATH/Controller.php(140): CodeIgniter\Validation\Validation->run()
 9 APPPATH/Controllers/Profile.php(79): CodeIgniter\Controller->validate([...])
10 SYSTEMPATH/CodeIgniter.php(902): App\Controllers\Profile->register()
11 SYSTEMPATH/CodeIgniter.php(457): CodeIgniter\CodeIgniter->runController(Object(App\Controllers\Profile))
12 SYSTEMPATH/CodeIgniter.php(340): CodeIgniter\CodeIgniter->handleRequest(null, Object(Config\Cache), false)
13 FCPATH/index.php(67): CodeIgniter\CodeIgniter->run()
14 SYSTEMPATH/Commands/Server/rewrite.php(46): require_once('FCPATH/index.php')
ERROR - 2022-11-01 05:00:50 --> mysqli_sql_exception: Table 'ufundme.tbl_users' doesn't exist in /Users/macintoshhdd/Projects/ufundme/vendor/codeigniter4/framework/system/Database/MySQLi/Connection.php:292
Stack trace:
#0 /Users/macintoshhdd/Projects/ufundme/vendor/codeigniter4/framework/system/Database/MySQLi/Connection.php(292): mysqli->query('SELECT 1\nFROM `...', 0)
#1 /Users/macintoshhdd/Projects/ufundme/vendor/codeigniter4/framework/system/Database/BaseConnection.php(693): CodeIgniter\Database\MySQLi\Connection->execute('SELECT 1\nFROM `...')
#2 /Users/macintoshhdd/Projects/ufundme/vendor/codeigniter4/framework/system/Database/BaseConnection.php(620): CodeIgniter\Database\BaseConnection->simpleQuery('SELECT 1\nFROM `...')
#3 /Users/macintoshhdd/Projects/ufundme/vendor/codeigniter4/framework/system/Database/BaseBuilder.php(1585): CodeIgniter\Database\BaseConnection->query('SELECT 1\nFROM `...', Array, false)
#4 /Users/macintoshhdd/Projects/ufundme/vendor/codeigniter4/framework/system/Validation/Rules.php(142): CodeIgniter\Database\BaseBuilder->get()
#5 /Users/macintoshhdd/Projects/ufundme/vendor/codeigniter4/framework/system/Validation/Validation.php(315): CodeIgniter\Validation\Rules->is_unique('mic.costero@yah...', 'email', Array, NULL, 'email')
#6 /Users/macintoshhdd/Projects/ufundme/vendor/codeigniter4/framework/system/Validation/Validation.php(175): CodeIgniter\Validation\Validation->processRules('email', 'email', 'mic.costero@yah...', Array, Array)
#7 /Users/macintoshhdd/Projects/ufundme/vendor/codeigniter4/framework/system/Controller.php(140): CodeIgniter\Validation\Validation->run()
#8 /Users/macintoshhdd/Projects/ufundme/app/Controllers/Profile.php(78): CodeIgniter\Controller->validate(Array)
#9 /Users/macintoshhdd/Projects/ufundme/vendor/codeigniter4/framework/system/CodeIgniter.php(902): App\Controllers\Profile->register()
#10 /Users/macintoshhdd/Projects/ufundme/vendor/codeigniter4/framework/system/CodeIgniter.php(457): CodeIgniter\CodeIgniter->runController(Object(App\Controllers\Profile))
#11 /Users/macintoshhdd/Projects/ufundme/vendor/codeigniter4/framework/system/CodeIgniter.php(340): CodeIgniter\CodeIgniter->handleRequest(NULL, Object(Config\Cache), false)
#12 /Users/macintoshhdd/Projects/ufundme/public/index.php(67): CodeIgniter\CodeIgniter->run()
#13 /Users/macintoshhdd/Projects/ufundme/vendor/codeigniter4/framework/system/Commands/Server/rewrite.php(46): require_once('/Users/macintos...')
#14 {main}
CRITICAL - 2022-11-01 05:00:50 --> Table 'ufundme.tbl_users' doesn't exist
in SYSTEMPATH/Database/MySQLi/Connection.php on line 292.
 1 SYSTEMPATH/Database/MySQLi/Connection.php(292): mysqli->query('SELECT 1
FROM `tbl_users`
WHERE `email` = \'mic.costero@yahoo.com\'
 LIMIT 1', 0)
 2 SYSTEMPATH/Database/BaseConnection.php(693): CodeIgniter\Database\MySQLi\Connection->execute('SELECT 1
FROM `tbl_users`
WHERE `email` = \'mic.costero@yahoo.com\'
 LIMIT 1')
 3 SYSTEMPATH/Database/BaseConnection.php(620): CodeIgniter\Database\BaseConnection->simpleQuery('SELECT 1
FROM `tbl_users`
WHERE `email` = \'mic.costero@yahoo.com\'
 LIMIT 1')
 4 SYSTEMPATH/Database/BaseBuilder.php(1585): CodeIgniter\Database\BaseConnection->query('SELECT 1
FROM `tbl_users`
WHERE `email` = :email:
 LIMIT 1', [...], false)
 5 SYSTEMPATH/Validation/Rules.php(142): CodeIgniter\Database\BaseBuilder->get()
 6 SYSTEMPATH/Validation/Validation.php(315): CodeIgniter\Validation\Rules->is_unique('mic.costero@yahoo.com', 'email', [...], null, 'email')
 7 SYSTEMPATH/Validation/Validation.php(175): CodeIgniter\Validation\Validation->processRules('email', 'email', 'mic.costero@yahoo.com', [...], [...])
 8 SYSTEMPATH/Controller.php(140): CodeIgniter\Validation\Validation->run()
 9 APPPATH/Controllers/Profile.php(78): CodeIgniter\Controller->validate([...])
10 SYSTEMPATH/CodeIgniter.php(902): App\Controllers\Profile->register()
11 SYSTEMPATH/CodeIgniter.php(457): CodeIgniter\CodeIgniter->runController(Object(App\Controllers\Profile))
12 SYSTEMPATH/CodeIgniter.php(340): CodeIgniter\CodeIgniter->handleRequest(null, Object(Config\Cache), false)
13 FCPATH/index.php(67): CodeIgniter\CodeIgniter->run()
14 SYSTEMPATH/Commands/Server/rewrite.php(46): require_once('FCPATH/index.php')
ERROR - 2022-11-01 05:05:15 --> mysqli_sql_exception: Table 'ufundme.tbl_users' doesn't exist in /Users/macintoshhdd/Projects/ufundme/vendor/codeigniter4/framework/system/Database/MySQLi/Connection.php:292
Stack trace:
#0 /Users/macintoshhdd/Projects/ufundme/vendor/codeigniter4/framework/system/Database/MySQLi/Connection.php(292): mysqli->query('SELECT 1\nFROM `...', 0)
#1 /Users/macintoshhdd/Projects/ufundme/vendor/codeigniter4/framework/system/Database/BaseConnection.php(693): CodeIgniter\Database\MySQLi\Connection->execute('SELECT 1\nFROM `...')
#2 /Users/macintoshhdd/Projects/ufundme/vendor/codeigniter4/framework/system/Database/BaseConnection.php(620): CodeIgniter\Database\BaseConnection->simpleQuery('SELECT 1\nFROM `...')
#3 /Users/macintoshhdd/Projects/ufundme/vendor/codeigniter4/framework/system/Database/BaseBuilder.php(1585): CodeIgniter\Database\BaseConnection->query('SELECT 1\nFROM `...', Array, false)
#4 /Users/macintoshhdd/Projects/ufundme/vendor/codeigniter4/framework/system/Validation/Rules.php(142): CodeIgniter\Database\BaseBuilder->get()
#5 /Users/macintoshhdd/Projects/ufundme/vendor/codeigniter4/framework/system/Validation/Validation.php(315): CodeIgniter\Validation\Rules->is_unique('mic.costero@yah...', 'email', Array, NULL, 'email')
#6 /Users/macintoshhdd/Projects/ufundme/vendor/codeigniter4/framework/system/Validation/Validation.php(175): CodeIgniter\Validation\Validation->processRules('email', 'email', 'mic.costero@yah...', Array, Array)
#7 /Users/macintoshhdd/Projects/ufundme/vendor/codeigniter4/framework/system/Controller.php(140): CodeIgniter\Validation\Validation->run()
#8 /Users/macintoshhdd/Projects/ufundme/app/Controllers/Profile.php(78): CodeIgniter\Controller->validate(Array)
#9 /Users/macintoshhdd/Projects/ufundme/vendor/codeigniter4/framework/system/CodeIgniter.php(902): App\Controllers\Profile->register()
#10 /Users/macintoshhdd/Projects/ufundme/vendor/codeigniter4/framework/system/CodeIgniter.php(457): CodeIgniter\CodeIgniter->runController(Object(App\Controllers\Profile))
#11 /Users/macintoshhdd/Projects/ufundme/vendor/codeigniter4/framework/system/CodeIgniter.php(340): CodeIgniter\CodeIgniter->handleRequest(NULL, Object(Config\Cache), false)
#12 /Users/macintoshhdd/Projects/ufundme/public/index.php(67): CodeIgniter\CodeIgniter->run()
#13 /Users/macintoshhdd/Projects/ufundme/vendor/codeigniter4/framework/system/Commands/Server/rewrite.php(46): require_once('/Users/macintos...')
#14 {main}
CRITICAL - 2022-11-01 05:05:15 --> Table 'ufundme.tbl_users' doesn't exist
in SYSTEMPATH/Database/MySQLi/Connection.php on line 292.
 1 SYSTEMPATH/Database/MySQLi/Connection.php(292): mysqli->query('SELECT 1
FROM `tbl_users`
WHERE `email` = \'mic.costero@yahoo.com\'
 LIMIT 1', 0)
 2 SYSTEMPATH/Database/BaseConnection.php(693): CodeIgniter\Database\MySQLi\Connection->execute('SELECT 1
FROM `tbl_users`
WHERE `email` = \'mic.costero@yahoo.com\'
 LIMIT 1')
 3 SYSTEMPATH/Database/BaseConnection.php(620): CodeIgniter\Database\BaseConnection->simpleQuery('SELECT 1
FROM `tbl_users`
WHERE `email` = \'mic.costero@yahoo.com\'
 LIMIT 1')
 4 SYSTEMPATH/Database/BaseBuilder.php(1585): CodeIgniter\Database\BaseConnection->query('SELECT 1
FROM `tbl_users`
WHERE `email` = :email:
 LIMIT 1', [...], false)
 5 SYSTEMPATH/Validation/Rules.php(142): CodeIgniter\Database\BaseBuilder->get()
 6 SYSTEMPATH/Validation/Validation.php(315): CodeIgniter\Validation\Rules->is_unique('mic.costero@yahoo.com', 'email', [...], null, 'email')
 7 SYSTEMPATH/Validation/Validation.php(175): CodeIgniter\Validation\Validation->processRules('email', 'email', 'mic.costero@yahoo.com', [...], [...])
 8 SYSTEMPATH/Controller.php(140): CodeIgniter\Validation\Validation->run()
 9 APPPATH/Controllers/Profile.php(78): CodeIgniter\Controller->validate([...])
10 SYSTEMPATH/CodeIgniter.php(902): App\Controllers\Profile->register()
11 SYSTEMPATH/CodeIgniter.php(457): CodeIgniter\CodeIgniter->runController(Object(App\Controllers\Profile))
12 SYSTEMPATH/CodeIgniter.php(340): CodeIgniter\CodeIgniter->handleRequest(null, Object(Config\Cache), false)
13 FCPATH/index.php(67): CodeIgniter\CodeIgniter->run()
14 SYSTEMPATH/Commands/Server/rewrite.php(46): require_once('FCPATH/index.php')
ERROR - 2022-11-01 05:08:47 --> mysqli_sql_exception: Table 'ufundme.tbl_users' doesn't exist in /Users/macintoshhdd/Projects/ufundme/vendor/codeigniter4/framework/system/Database/MySQLi/Connection.php:292
Stack trace:
#0 /Users/macintoshhdd/Projects/ufundme/vendor/codeigniter4/framework/system/Database/MySQLi/Connection.php(292): mysqli->query('SELECT 1\nFROM `...', 0)
#1 /Users/macintoshhdd/Projects/ufundme/vendor/codeigniter4/framework/system/Database/BaseConnection.php(693): CodeIgniter\Database\MySQLi\Connection->execute('SELECT 1\nFROM `...')
#2 /Users/macintoshhdd/Projects/ufundme/vendor/codeigniter4/framework/system/Database/BaseConnection.php(620): CodeIgniter\Database\BaseConnection->simpleQuery('SELECT 1\nFROM `...')
#3 /Users/macintoshhdd/Projects/ufundme/vendor/codeigniter4/framework/system/Database/BaseBuilder.php(1585): CodeIgniter\Database\BaseConnection->query('SELECT 1\nFROM `...', Array, false)
#4 /Users/macintoshhdd/Projects/ufundme/vendor/codeigniter4/framework/system/Validation/Rules.php(142): CodeIgniter\Database\BaseBuilder->get()
#5 /Users/macintoshhdd/Projects/ufundme/vendor/codeigniter4/framework/system/Validation/Validation.php(315): CodeIgniter\Validation\Rules->is_unique('mic.costero@yah...', 'email', Array, NULL, 'email')
#6 /Users/macintoshhdd/Projects/ufundme/vendor/codeigniter4/framework/system/Validation/Validation.php(175): CodeIgniter\Validation\Validation->processRules('email', 'email', 'mic.costero@yah...', Array, Array)
#7 /Users/macintoshhdd/Projects/ufundme/vendor/codeigniter4/framework/system/Controller.php(140): CodeIgniter\Validation\Validation->run()
#8 /Users/macintoshhdd/Projects/ufundme/app/Controllers/Profile.php(81): CodeIgniter\Controller->validate(Array)
#9 /Users/macintoshhdd/Projects/ufundme/vendor/codeigniter4/framework/system/CodeIgniter.php(902): App\Controllers\Profile->register()
#10 /Users/macintoshhdd/Projects/ufundme/vendor/codeigniter4/framework/system/CodeIgniter.php(457): CodeIgniter\CodeIgniter->runController(Object(App\Controllers\Profile))
#11 /Users/macintoshhdd/Projects/ufundme/vendor/codeigniter4/framework/system/CodeIgniter.php(340): CodeIgniter\CodeIgniter->handleRequest(NULL, Object(Config\Cache), false)
#12 /Users/macintoshhdd/Projects/ufundme/public/index.php(67): CodeIgniter\CodeIgniter->run()
#13 /Users/macintoshhdd/Projects/ufundme/vendor/codeigniter4/framework/system/Commands/Server/rewrite.php(46): require_once('/Users/macintos...')
#14 {main}
CRITICAL - 2022-11-01 05:08:47 --> Table 'ufundme.tbl_users' doesn't exist
in SYSTEMPATH/Database/MySQLi/Connection.php on line 292.
 1 SYSTEMPATH/Database/MySQLi/Connection.php(292): mysqli->query('SELECT 1
FROM `tbl_users`
WHERE `email` = \'mic.costero@yahoo.com\'
 LIMIT 1', 0)
 2 SYSTEMPATH/Database/BaseConnection.php(693): CodeIgniter\Database\MySQLi\Connection->execute('SELECT 1
FROM `tbl_users`
WHERE `email` = \'mic.costero@yahoo.com\'
 LIMIT 1')
 3 SYSTEMPATH/Database/BaseConnection.php(620): CodeIgniter\Database\BaseConnection->simpleQuery('SELECT 1
FROM `tbl_users`
WHERE `email` = \'mic.costero@yahoo.com\'
 LIMIT 1')
 4 SYSTEMPATH/Database/BaseBuilder.php(1585): CodeIgniter\Database\BaseConnection->query('SELECT 1
FROM `tbl_users`
WHERE `email` = :email:
 LIMIT 1', [...], false)
 5 SYSTEMPATH/Validation/Rules.php(142): CodeIgniter\Database\BaseBuilder->get()
 6 SYSTEMPATH/Validation/Validation.php(315): CodeIgniter\Validation\Rules->is_unique('mic.costero@yahoo.com', 'email', [...], null, 'email')
 7 SYSTEMPATH/Validation/Validation.php(175): CodeIgniter\Validation\Validation->processRules('email', 'email', 'mic.costero@yahoo.com', [...], [...])
 8 SYSTEMPATH/Controller.php(140): CodeIgniter\Validation\Validation->run()
 9 APPPATH/Controllers/Profile.php(81): CodeIgniter\Controller->validate([...])
10 SYSTEMPATH/CodeIgniter.php(902): App\Controllers\Profile->register()
11 SYSTEMPATH/CodeIgniter.php(457): CodeIgniter\CodeIgniter->runController(Object(App\Controllers\Profile))
12 SYSTEMPATH/CodeIgniter.php(340): CodeIgniter\CodeIgniter->handleRequest(null, Object(Config\Cache), false)
13 FCPATH/index.php(67): CodeIgniter\CodeIgniter->run()
14 SYSTEMPATH/Commands/Server/rewrite.php(46): require_once('FCPATH/index.php')
ERROR - 2022-11-01 05:10:39 --> mysqli_sql_exception: Table 'ufundme.tbl_users' doesn't exist in /Users/macintoshhdd/Projects/ufundme/vendor/codeigniter4/framework/system/Database/MySQLi/Connection.php:292
Stack trace:
#0 /Users/macintoshhdd/Projects/ufundme/vendor/codeigniter4/framework/system/Database/MySQLi/Connection.php(292): mysqli->query('SELECT 1\nFROM `...', 0)
#1 /Users/macintoshhdd/Projects/ufundme/vendor/codeigniter4/framework/system/Database/BaseConnection.php(693): CodeIgniter\Database\MySQLi\Connection->execute('SELECT 1\nFROM `...')
#2 /Users/macintoshhdd/Projects/ufundme/vendor/codeigniter4/framework/system/Database/BaseConnection.php(620): CodeIgniter\Database\BaseConnection->simpleQuery('SELECT 1\nFROM `...')
#3 /Users/macintoshhdd/Projects/ufundme/vendor/codeigniter4/framework/system/Database/BaseBuilder.php(1585): CodeIgniter\Database\BaseConnection->query('SELECT 1\nFROM `...', Array, false)
#4 /Users/macintoshhdd/Projects/ufundme/vendor/codeigniter4/framework/system/Validation/Rules.php(142): CodeIgniter\Database\BaseBuilder->get()
#5 /Users/macintoshhdd/Projects/ufundme/vendor/codeigniter4/framework/system/Validation/Validation.php(315): CodeIgniter\Validation\Rules->is_unique('mic.costero@yah...', 'email', Array, NULL, 'email')
#6 /Users/macintoshhdd/Projects/ufundme/vendor/codeigniter4/framework/system/Validation/Validation.php(175): CodeIgniter\Validation\Validation->processRules('email', 'email', 'mic.costero@yah...', Array, Array)
#7 /Users/macintoshhdd/Projects/ufundme/vendor/codeigniter4/framework/system/Controller.php(140): CodeIgniter\Validation\Validation->run()
#8 /Users/macintoshhdd/Projects/ufundme/app/Controllers/Profile.php(81): CodeIgniter\Controller->validate(Array)
#9 /Users/macintoshhdd/Projects/ufundme/vendor/codeigniter4/framework/system/CodeIgniter.php(902): App\Controllers\Profile->register()
#10 /Users/macintoshhdd/Projects/ufundme/vendor/codeigniter4/framework/system/CodeIgniter.php(457): CodeIgniter\CodeIgniter->runController(Object(App\Controllers\Profile))
#11 /Users/macintoshhdd/Projects/ufundme/vendor/codeigniter4/framework/system/CodeIgniter.php(340): CodeIgniter\CodeIgniter->handleRequest(NULL, Object(Config\Cache), false)
#12 /Users/macintoshhdd/Projects/ufundme/public/index.php(67): CodeIgniter\CodeIgniter->run()
#13 /Users/macintoshhdd/Projects/ufundme/vendor/codeigniter4/framework/system/Commands/Server/rewrite.php(46): require_once('/Users/macintos...')
#14 {main}
CRITICAL - 2022-11-01 05:10:39 --> Table 'ufundme.tbl_users' doesn't exist
in SYSTEMPATH/Database/MySQLi/Connection.php on line 292.
 1 SYSTEMPATH/Database/MySQLi/Connection.php(292): mysqli->query('SELECT 1
FROM `tbl_users`
WHERE `email` = \'mic.costero@yahoo.com\'
 LIMIT 1', 0)
 2 SYSTEMPATH/Database/BaseConnection.php(693): CodeIgniter\Database\MySQLi\Connection->execute('SELECT 1
FROM `tbl_users`
WHERE `email` = \'mic.costero@yahoo.com\'
 LIMIT 1')
 3 SYSTEMPATH/Database/BaseConnection.php(620): CodeIgniter\Database\BaseConnection->simpleQuery('SELECT 1
FROM `tbl_users`
WHERE `email` = \'mic.costero@yahoo.com\'
 LIMIT 1')
 4 SYSTEMPATH/Database/BaseBuilder.php(1585): CodeIgniter\Database\BaseConnection->query('SELECT 1
FROM `tbl_users`
WHERE `email` = :email:
 LIMIT 1', [...], false)
 5 SYSTEMPATH/Validation/Rules.php(142): CodeIgniter\Database\BaseBuilder->get()
 6 SYSTEMPATH/Validation/Validation.php(315): CodeIgniter\Validation\Rules->is_unique('mic.costero@yahoo.com', 'email', [...], null, 'email')
 7 SYSTEMPATH/Validation/Validation.php(175): CodeIgniter\Validation\Validation->processRules('email', 'email', 'mic.costero@yahoo.com', [...], [...])
 8 SYSTEMPATH/Controller.php(140): CodeIgniter\Validation\Validation->run()
 9 APPPATH/Controllers/Profile.php(81): CodeIgniter\Controller->validate([...])
10 SYSTEMPATH/CodeIgniter.php(902): App\Controllers\Profile->register()
11 SYSTEMPATH/CodeIgniter.php(457): CodeIgniter\CodeIgniter->runController(Object(App\Controllers\Profile))
12 SYSTEMPATH/CodeIgniter.php(340): CodeIgniter\CodeIgniter->handleRequest(null, Object(Config\Cache), false)
13 FCPATH/index.php(67): CodeIgniter\CodeIgniter->run()
14 SYSTEMPATH/Commands/Server/rewrite.php(46): require_once('FCPATH/index.php')
CRITICAL - 2022-11-01 05:28:12 --> Invalid file: register.php
in SYSTEMPATH/Exceptions/FrameworkException.php on line 33.
 1 SYSTEMPATH/View/View.php(201): CodeIgniter\Exceptions\FrameworkException::forInvalidFile('register.php')
 2 SYSTEMPATH/Common.php(1142): CodeIgniter\View\View->render('register', [], true)
 3 APPPATH/Controllers/Profile.php(101): view('register')
 4 SYSTEMPATH/CodeIgniter.php(902): App\Controllers\Profile->register()
 5 SYSTEMPATH/CodeIgniter.php(457): CodeIgniter\CodeIgniter->runController(Object(App\Controllers\Profile))
 6 SYSTEMPATH/CodeIgniter.php(340): CodeIgniter\CodeIgniter->handleRequest(null, Object(Config\Cache), false)
 7 FCPATH/index.php(67): CodeIgniter\CodeIgniter->run()
 8 SYSTEMPATH/Commands/Server/rewrite.php(46): require_once('FCPATH/index.php')
CRITICAL - 2022-11-01 05:28:29 --> Invalid file: register.php
in SYSTEMPATH/Exceptions/FrameworkException.php on line 33.
 1 SYSTEMPATH/View/View.php(201): CodeIgniter\Exceptions\FrameworkException::forInvalidFile('register.php')
 2 SYSTEMPATH/Common.php(1142): CodeIgniter\View\View->render('register', [], true)
 3 APPPATH/Controllers/Profile.php(101): view('register')
 4 SYSTEMPATH/CodeIgniter.php(902): App\Controllers\Profile->register()
 5 SYSTEMPATH/CodeIgniter.php(457): CodeIgniter\CodeIgniter->runController(Object(App\Controllers\Profile))
 6 SYSTEMPATH/CodeIgniter.php(340): CodeIgniter\CodeIgniter->handleRequest(null, Object(Config\Cache), false)
 7 FCPATH/index.php(67): CodeIgniter\CodeIgniter->run()
 8 SYSTEMPATH/Commands/Server/rewrite.php(46): require_once('FCPATH/index.php')
CRITICAL - 2022-11-01 05:32:06 --> Undefined array key "name"
in APPPATH/Controllers/Profile.php on line 58.
 1 APPPATH/Controllers/Profile.php(58): CodeIgniter\Debug\Exceptions->errorHandler(2, 'Undefined array key "name"', 'APPPATH/Controllers/Profile.php', 58)
 2 APPPATH/Controllers/Profile.php(45): App\Controllers\Profile->setUserSession([...])
 3 SYSTEMPATH/CodeIgniter.php(902): App\Controllers\Profile->login()
 4 SYSTEMPATH/CodeIgniter.php(457): CodeIgniter\CodeIgniter->runController(Object(App\Controllers\Profile))
 5 SYSTEMPATH/CodeIgniter.php(340): CodeIgniter\CodeIgniter->handleRequest(null, Object(Config\Cache), false)
 6 FCPATH/index.php(67): CodeIgniter\CodeIgniter->run()
 7 SYSTEMPATH/Commands/Server/rewrite.php(46): require_once('FCPATH/index.php')
CRITICAL - 2022-11-01 05:34:49 --> Undefined array key "phone_no"
in APPPATH/Controllers/Profile.php on line 60.
 1 APPPATH/Controllers/Profile.php(60): CodeIgniter\Debug\Exceptions->errorHandler(2, 'Undefined array key "phone_no"', 'APPPATH/Controllers/Profile.php', 60)
 2 APPPATH/Controllers/Profile.php(45): App\Controllers\Profile->setUserSession([...])
 3 SYSTEMPATH/CodeIgniter.php(902): App\Controllers\Profile->login()
 4 SYSTEMPATH/CodeIgniter.php(457): CodeIgniter\CodeIgniter->runController(Object(App\Controllers\Profile))
 5 SYSTEMPATH/CodeIgniter.php(340): CodeIgniter\CodeIgniter->handleRequest(null, Object(Config\Cache), false)
 6 FCPATH/index.php(67): CodeIgniter\CodeIgniter->run()
 7 SYSTEMPATH/Commands/Server/rewrite.php(46): require_once('FCPATH/index.php')
CRITICAL - 2022-11-01 06:32:06 --> Invalid file: login.php
in SYSTEMPATH/Exceptions/FrameworkException.php on line 33.
 1 SYSTEMPATH/View/View.php(201): CodeIgniter\Exceptions\FrameworkException::forInvalidFile('login.php')
 2 SYSTEMPATH/Common.php(1142): CodeIgniter\View\View->render('login', [], true)
 3 APPPATH/Controllers/Profile.php(51): view('login')
 4 SYSTEMPATH/CodeIgniter.php(902): App\Controllers\Profile->login()
 5 SYSTEMPATH/CodeIgniter.php(457): CodeIgniter\CodeIgniter->runController(Object(App\Controllers\Profile))
 6 SYSTEMPATH/CodeIgniter.php(340): CodeIgniter\CodeIgniter->handleRequest(null, Object(Config\Cache), false)
 7 FCPATH/index.php(67): CodeIgniter\CodeIgniter->run()
 8 SYSTEMPATH/Commands/Server/rewrite.php(46): require_once('FCPATH/index.php')
CRITICAL - 2022-11-01 06:33:13 --> Invalid file: login.php
in SYSTEMPATH/Exceptions/FrameworkException.php on line 33.
 1 SYSTEMPATH/View/View.php(201): CodeIgniter\Exceptions\FrameworkException::forInvalidFile('login.php')
 2 SYSTEMPATH/Common.php(1142): CodeIgniter\View\View->render('login', [], true)
 3 APPPATH/Controllers/Profile.php(51): view('login')
 4 SYSTEMPATH/CodeIgniter.php(902): App\Controllers\Profile->login()
 5 SYSTEMPATH/CodeIgniter.php(457): CodeIgniter\CodeIgniter->runController(Object(App\Controllers\Profile))
 6 SYSTEMPATH/CodeIgniter.php(340): CodeIgniter\CodeIgniter->handleRequest(null, Object(Config\Cache), false)
 7 FCPATH/index.php(67): CodeIgniter\CodeIgniter->run()
 8 SYSTEMPATH/Commands/Server/rewrite.php(46): require_once('FCPATH/index.php')
CRITICAL - 2022-11-01 06:33:21 --> Invalid file: login.php
in SYSTEMPATH/Exceptions/FrameworkException.php on line 33.
 1 SYSTEMPATH/View/View.php(201): CodeIgniter\Exceptions\FrameworkException::forInvalidFile('login.php')
 2 SYSTEMPATH/Common.php(1142): CodeIgniter\View\View->render('login', [], true)
 3 APPPATH/Controllers/Profile.php(51): view('login')
 4 SYSTEMPATH/CodeIgniter.php(902): App\Controllers\Profile->login()
 5 SYSTEMPATH/CodeIgniter.php(457): CodeIgniter\CodeIgniter->runController(Object(App\Controllers\Profile))
 6 SYSTEMPATH/CodeIgniter.php(340): CodeIgniter\CodeIgniter->handleRequest(null, Object(Config\Cache), false)
 7 FCPATH/index.php(67): CodeIgniter\CodeIgniter->run()
 8 SYSTEMPATH/Commands/Server/rewrite.php(46): require_once('FCPATH/index.php')
CRITICAL - 2022-11-01 06:35:27 --> Invalid file: login.php
in SYSTEMPATH/Exceptions/FrameworkException.php on line 33.
 1 SYSTEMPATH/View/View.php(201): CodeIgniter\Exceptions\FrameworkException::forInvalidFile('login.php')
 2 SYSTEMPATH/Common.php(1142): CodeIgniter\View\View->render('login', [], true)
 3 APPPATH/Controllers/Profile.php(51): view('login')
 4 SYSTEMPATH/CodeIgniter.php(902): App\Controllers\Profile->login()
 5 SYSTEMPATH/CodeIgniter.php(457): CodeIgniter\CodeIgniter->runController(Object(App\Controllers\Profile))
 6 SYSTEMPATH/CodeIgniter.php(340): CodeIgniter\CodeIgniter->handleRequest(null, Object(Config\Cache), false)
 7 FCPATH/index.php(67): CodeIgniter\CodeIgniter->run()
 8 SYSTEMPATH/Commands/Server/rewrite.php(46): require_once('FCPATH/index.php')
