CRITICAL - 2023-02-18 04:34:00 --> Undefined variable $funds
in APPPATH/Views/admin/fundraiser/index.php on line 21.
 1 APPPATH/Views/admin/fundraiser/index.php(21): CodeIgniter\Debug\Exceptions->errorHandler(2, 'Undefined variable $funds', 'APPPATH/Views/admin/fundraiser/index.php', 21)
 2 SYSTEMPATH/View/View.php(213): include('APPPATH/Views/admin/fundraiser/index.php')
 3 SYSTEMPATH/View/View.php(216): CodeIgniter\View\View->CodeIgniter\View\{closure}()
 4 SYSTEMPATH/Common.php(1142): CodeIgniter\View\View->render('admin/fundraiser/index', [], true)
 5 APPPATH/Controllers/AdminController.php(38): view('admin/fundraiser/index')
 6 SYSTEMPATH/CodeIgniter.php(902): App\Controllers\AdminController->funds()
 7 SYSTEMPATH/CodeIgniter.php(457): CodeIgniter\CodeIgniter->runController(Object(App\Controllers\AdminController))
 8 SYSTEMPATH/CodeIgniter.php(340): CodeIgniter\CodeIgniter->handleRequest(null, Object(Config\Cache), false)
 9 FCPATH/index.php(67): CodeIgniter\CodeIgniter->run()
10 SYSTEMPATH/Commands/Server/rewrite.php(46): require_once('FCPATH/index.php')
CRITICAL - 2023-02-18 04:34:23 --> Undefined variable $user
in APPPATH/Views/admin/fundraiser/index.php on line 23.
 1 APPPATH/Views/admin/fundraiser/index.php(23): CodeIgniter\Debug\Exceptions->errorHandler(2, 'Undefined variable $user', 'APPPATH/Views/admin/fundraiser/index.php', 23)
 2 SYSTEMPATH/View/View.php(213): include('APPPATH/Views/admin/fundraiser/index.php')
 3 SYSTEMPATH/View/View.php(216): CodeIgniter\View\View->CodeIgniter\View\{closure}()
 4 SYSTEMPATH/Common.php(1142): CodeIgniter\View\View->render('admin/fundraiser/index', [], true)
 5 APPPATH/Controllers/AdminController.php(38): view('admin/fundraiser/index', [...])
 6 SYSTEMPATH/CodeIgniter.php(902): App\Controllers\AdminController->funds()
 7 SYSTEMPATH/CodeIgniter.php(457): CodeIgniter\CodeIgniter->runController(Object(App\Controllers\AdminController))
 8 SYSTEMPATH/CodeIgniter.php(340): CodeIgniter\CodeIgniter->handleRequest(null, Object(Config\Cache), false)
 9 FCPATH/index.php(67): CodeIgniter\CodeIgniter->run()
10 SYSTEMPATH/Commands/Server/rewrite.php(46): require_once('FCPATH/index.php')
CRITICAL - 2023-02-18 04:35:44 --> Undefined array key "amount_raise"
in APPPATH/Views/admin/fundraiser/index.php on line 27.
 1 APPPATH/Views/admin/fundraiser/index.php(27): CodeIgniter\Debug\Exceptions->errorHandler(2, 'Undefined array key "amount_raise"', 'APPPATH/Views/admin/fundraiser/index.php', 27)
 2 SYSTEMPATH/View/View.php(213): include('APPPATH/Views/admin/fundraiser/index.php')
 3 SYSTEMPATH/View/View.php(216): CodeIgniter\View\View->CodeIgniter\View\{closure}()
 4 SYSTEMPATH/Common.php(1142): CodeIgniter\View\View->render('admin/fundraiser/index', [], true)
 5 APPPATH/Controllers/AdminController.php(38): view('admin/fundraiser/index', [...])
 6 SYSTEMPATH/CodeIgniter.php(902): App\Controllers\AdminController->funds()
 7 SYSTEMPATH/CodeIgniter.php(457): CodeIgniter\CodeIgniter->runController(Object(App\Controllers\AdminController))
 8 SYSTEMPATH/CodeIgniter.php(340): CodeIgniter\CodeIgniter->handleRequest(null, Object(Config\Cache), false)
 9 FCPATH/index.php(67): CodeIgniter\CodeIgniter->run()
10 SYSTEMPATH/Commands/Server/rewrite.php(46): require_once('FCPATH/index.php')
CRITICAL - 2023-02-18 05:14:04 --> Undefined constant "App\Controllers\DESC"
in APPPATH/Controllers/AdminController.php on line 27.
 1 SYSTEMPATH/CodeIgniter.php(902): App\Controllers\AdminController->users()
 2 SYSTEMPATH/CodeIgniter.php(457): CodeIgniter\CodeIgniter->runController(Object(App\Controllers\AdminController))
 3 SYSTEMPATH/CodeIgniter.php(340): CodeIgniter\CodeIgniter->handleRequest(null, Object(Config\Cache), false)
 4 FCPATH/index.php(67): CodeIgniter\CodeIgniter->run()
 5 SYSTEMPATH/Commands/Server/rewrite.php(46): require_once('FCPATH/index.php')
CRITICAL - 2023-02-18 05:14:28 --> Undefined constant "App\Controllers\DESC"
in APPPATH/Controllers/AdminController.php on line 27.
 1 SYSTEMPATH/CodeIgniter.php(902): App\Controllers\AdminController->users()
 2 SYSTEMPATH/CodeIgniter.php(457): CodeIgniter\CodeIgniter->runController(Object(App\Controllers\AdminController))
 3 SYSTEMPATH/CodeIgniter.php(340): CodeIgniter\CodeIgniter->handleRequest(null, Object(Config\Cache), false)
 4 FCPATH/index.php(67): CodeIgniter\CodeIgniter->run()
 5 SYSTEMPATH/Commands/Server/rewrite.php(46): require_once('FCPATH/index.php')
ERROR - 2023-02-18 05:14:56 --> mysqli_sql_exception: Unknown column 'ASC' in 'order clause' in /Users/macintoshhdd/Projects/ufundme/vendor/codeigniter4/framework/system/Database/MySQLi/Connection.php:292
Stack trace:
#0 /Users/macintoshhdd/Projects/ufundme/vendor/codeigniter4/framework/system/Database/MySQLi/Connection.php(292): mysqli->query('SELECT *\nFROM `...', 0)
#1 /Users/macintoshhdd/Projects/ufundme/vendor/codeigniter4/framework/system/Database/BaseConnection.php(693): CodeIgniter\Database\MySQLi\Connection->execute('SELECT *\nFROM `...')
#2 /Users/macintoshhdd/Projects/ufundme/vendor/codeigniter4/framework/system/Database/BaseConnection.php(620): CodeIgniter\Database\BaseConnection->simpleQuery('SELECT *\nFROM `...')
#3 /Users/macintoshhdd/Projects/ufundme/vendor/codeigniter4/framework/system/Database/BaseBuilder.php(1585): CodeIgniter\Database\BaseConnection->query('SELECT *\nFROM `...', Array, false)
#4 /Users/macintoshhdd/Projects/ufundme/vendor/codeigniter4/framework/system/Model.php(223): CodeIgniter\Database\BaseBuilder->get()
#5 /Users/macintoshhdd/Projects/ufundme/vendor/codeigniter4/framework/system/BaseModel.php(584): CodeIgniter\Model->doFindAll(0, 0)
#6 /Users/macintoshhdd/Projects/ufundme/app/Controllers/AdminController.php(27): CodeIgniter\BaseModel->findAll()
#7 /Users/macintoshhdd/Projects/ufundme/vendor/codeigniter4/framework/system/CodeIgniter.php(902): App\Controllers\AdminController->users()
#8 /Users/macintoshhdd/Projects/ufundme/vendor/codeigniter4/framework/system/CodeIgniter.php(457): CodeIgniter\CodeIgniter->runController(Object(App\Controllers\AdminController))
#9 /Users/macintoshhdd/Projects/ufundme/vendor/codeigniter4/framework/system/CodeIgniter.php(340): CodeIgniter\CodeIgniter->handleRequest(NULL, Object(Config\Cache), false)
#10 /Users/macintoshhdd/Projects/ufundme/public/index.php(67): CodeIgniter\CodeIgniter->run()
#11 /Users/macintoshhdd/Projects/ufundme/vendor/codeigniter4/framework/system/Commands/Server/rewrite.php(46): require_once('/Users/macintos...')
#12 {main}
CRITICAL - 2023-02-18 05:14:56 --> Unknown column 'ASC' in 'order clause'
in SYSTEMPATH/Database/MySQLi/Connection.php on line 292.
 1 SYSTEMPATH/Database/MySQLi/Connection.php(292): mysqli->query('SELECT *
FROM `users`
ORDER BY `ASC`', 0)
 2 SYSTEMPATH/Database/BaseConnection.php(693): CodeIgniter\Database\MySQLi\Connection->execute('SELECT *
FROM `users`
ORDER BY `ASC`')
 3 SYSTEMPATH/Database/BaseConnection.php(620): CodeIgniter\Database\BaseConnection->simpleQuery('SELECT *
FROM `users`
ORDER BY `ASC`')
 4 SYSTEMPATH/Database/BaseBuilder.php(1585): CodeIgniter\Database\BaseConnection->query('SELECT *
FROM `users`
ORDER BY `ASC`', [], false)
 5 SYSTEMPATH/Model.php(223): CodeIgniter\Database\BaseBuilder->get()
 6 SYSTEMPATH/BaseModel.php(584): CodeIgniter\Model->doFindAll(0, 0)
 7 APPPATH/Controllers/AdminController.php(27): CodeIgniter\BaseModel->findAll()
 8 SYSTEMPATH/CodeIgniter.php(902): App\Controllers\AdminController->users()
 9 SYSTEMPATH/CodeIgniter.php(457): CodeIgniter\CodeIgniter->runController(Object(App\Controllers\AdminController))
10 SYSTEMPATH/CodeIgniter.php(340): CodeIgniter\CodeIgniter->handleRequest(null, Object(Config\Cache), false)
11 FCPATH/index.php(67): CodeIgniter\CodeIgniter->run()
12 SYSTEMPATH/Commands/Server/rewrite.php(46): require_once('FCPATH/index.php')
ERROR - 2023-02-18 05:15:15 --> mysqli_sql_exception: Unknown column 'DESC' in 'order clause' in /Users/macintoshhdd/Projects/ufundme/vendor/codeigniter4/framework/system/Database/MySQLi/Connection.php:292
Stack trace:
#0 /Users/macintoshhdd/Projects/ufundme/vendor/codeigniter4/framework/system/Database/MySQLi/Connection.php(292): mysqli->query('SELECT *\nFROM `...', 0)
#1 /Users/macintoshhdd/Projects/ufundme/vendor/codeigniter4/framework/system/Database/BaseConnection.php(693): CodeIgniter\Database\MySQLi\Connection->execute('SELECT *\nFROM `...')
#2 /Users/macintoshhdd/Projects/ufundme/vendor/codeigniter4/framework/system/Database/BaseConnection.php(620): CodeIgniter\Database\BaseConnection->simpleQuery('SELECT *\nFROM `...')
#3 /Users/macintoshhdd/Projects/ufundme/vendor/codeigniter4/framework/system/Database/BaseBuilder.php(1585): CodeIgniter\Database\BaseConnection->query('SELECT *\nFROM `...', Array, false)
#4 /Users/macintoshhdd/Projects/ufundme/vendor/codeigniter4/framework/system/Model.php(223): CodeIgniter\Database\BaseBuilder->get()
#5 /Users/macintoshhdd/Projects/ufundme/vendor/codeigniter4/framework/system/BaseModel.php(584): CodeIgniter\Model->doFindAll(0, 0)
#6 /Users/macintoshhdd/Projects/ufundme/app/Controllers/AdminController.php(27): CodeIgniter\BaseModel->findAll()
#7 /Users/macintoshhdd/Projects/ufundme/vendor/codeigniter4/framework/system/CodeIgniter.php(902): App\Controllers\AdminController->users()
#8 /Users/macintoshhdd/Projects/ufundme/vendor/codeigniter4/framework/system/CodeIgniter.php(457): CodeIgniter\CodeIgniter->runController(Object(App\Controllers\AdminController))
#9 /Users/macintoshhdd/Projects/ufundme/vendor/codeigniter4/framework/system/CodeIgniter.php(340): CodeIgniter\CodeIgniter->handleRequest(NULL, Object(Config\Cache), false)
#10 /Users/macintoshhdd/Projects/ufundme/public/index.php(67): CodeIgniter\CodeIgniter->run()
#11 /Users/macintoshhdd/Projects/ufundme/vendor/codeigniter4/framework/system/Commands/Server/rewrite.php(46): require_once('/Users/macintos...')
#12 {main}
CRITICAL - 2023-02-18 05:15:15 --> Unknown column 'DESC' in 'order clause'
in SYSTEMPATH/Database/MySQLi/Connection.php on line 292.
 1 SYSTEMPATH/Database/MySQLi/Connection.php(292): mysqli->query('SELECT *
FROM `users`
ORDER BY `DESC`', 0)
 2 SYSTEMPATH/Database/BaseConnection.php(693): CodeIgniter\Database\MySQLi\Connection->execute('SELECT *
FROM `users`
ORDER BY `DESC`')
 3 SYSTEMPATH/Database/BaseConnection.php(620): CodeIgniter\Database\BaseConnection->simpleQuery('SELECT *
FROM `users`
ORDER BY `DESC`')
 4 SYSTEMPATH/Database/BaseBuilder.php(1585): CodeIgniter\Database\BaseConnection->query('SELECT *
FROM `users`
ORDER BY `DESC`', [], false)
 5 SYSTEMPATH/Model.php(223): CodeIgniter\Database\BaseBuilder->get()
 6 SYSTEMPATH/BaseModel.php(584): CodeIgniter\Model->doFindAll(0, 0)
 7 APPPATH/Controllers/AdminController.php(27): CodeIgniter\BaseModel->findAll()
 8 SYSTEMPATH/CodeIgniter.php(902): App\Controllers\AdminController->users()
 9 SYSTEMPATH/CodeIgniter.php(457): CodeIgniter\CodeIgniter->runController(Object(App\Controllers\AdminController))
10 SYSTEMPATH/CodeIgniter.php(340): CodeIgniter\CodeIgniter->handleRequest(null, Object(Config\Cache), false)
11 FCPATH/index.php(67): CodeIgniter\CodeIgniter->run()
12 SYSTEMPATH/Commands/Server/rewrite.php(46): require_once('FCPATH/index.php')
CRITICAL - 2023-02-18 09:12:38 --> Undefined variable $model
in APPPATH/Controllers/AdminController.php on line 36.
 1 APPPATH/Controllers/AdminController.php(36): CodeIgniter\Debug\Exceptions->errorHandler(2, 'Undefined variable $model', 'APPPATH/Controllers/AdminController.php', 36)
 2 SYSTEMPATH/CodeIgniter.php(902): App\Controllers\AdminController->funds()
 3 SYSTEMPATH/CodeIgniter.php(457): CodeIgniter\CodeIgniter->runController(Object(App\Controllers\AdminController))
 4 SYSTEMPATH/CodeIgniter.php(340): CodeIgniter\CodeIgniter->handleRequest(null, Object(Config\Cache), false)
 5 FCPATH/index.php(67): CodeIgniter\CodeIgniter->run()
 6 SYSTEMPATH/Commands/Server/rewrite.php(46): require_once('FCPATH/index.php')
CRITICAL - 2023-02-18 09:13:34 --> Undefined array key "activate"
in APPPATH/Controllers/AdminController.php on line 46.
 1 APPPATH/Controllers/AdminController.php(46): CodeIgniter\Debug\Exceptions->errorHandler(2, 'Undefined array key "activate"', 'APPPATH/Controllers/AdminController.php', 46)
 2 SYSTEMPATH/CodeIgniter.php(902): App\Controllers\AdminController->toggleActivateFundRaiser('5')
 3 SYSTEMPATH/CodeIgniter.php(457): CodeIgniter\CodeIgniter->runController(Object(App\Controllers\AdminController))
 4 SYSTEMPATH/CodeIgniter.php(340): CodeIgniter\CodeIgniter->handleRequest(null, Object(Config\Cache), false)
 5 FCPATH/index.php(67): CodeIgniter\CodeIgniter->run()
 6 SYSTEMPATH/Commands/Server/rewrite.php(46): require_once('FCPATH/index.php')
CRITICAL - 2023-02-18 09:30:42 --> Trying to access array offset on value of type null
in APPPATH/Views/admin/fundraiser/index.php on line 24.
 1 APPPATH/Views/admin/fundraiser/index.php(24): CodeIgniter\Debug\Exceptions->errorHandler(2, 'Trying to access array offset on value of type null', 'APPPATH/Views/admin/fundraiser/index.php', 24)
 2 SYSTEMPATH/View/View.php(213): include('APPPATH/Views/admin/fundraiser/index.php')
 3 SYSTEMPATH/View/View.php(216): CodeIgniter\View\View->CodeIgniter\View\{closure}()
 4 SYSTEMPATH/Common.php(1142): CodeIgniter\View\View->render('admin/fundraiser/index', [], true)
 5 APPPATH/Controllers/AdminController.php(71): view('admin/fundraiser/index', [...])
 6 SYSTEMPATH/CodeIgniter.php(902): App\Controllers\AdminController->deleteFundRaider('6')
 7 SYSTEMPATH/CodeIgniter.php(457): CodeIgniter\CodeIgniter->runController(Object(App\Controllers\AdminController))
 8 SYSTEMPATH/CodeIgniter.php(340): CodeIgniter\CodeIgniter->handleRequest(null, Object(Config\Cache), false)
 9 FCPATH/index.php(67): CodeIgniter\CodeIgniter->run()
10 SYSTEMPATH/Commands/Server/rewrite.php(46): require_once('FCPATH/index.php')
CRITICAL - 2023-02-18 09:36:56 --> _get_uri(): Argument #1 ($relativePath) must be of type string, null given, called in /Users/macintoshhdd/Projects/ufundme/vendor/codeigniter4/framework/system/Helpers/url_helper.php on line 87
in SYSTEMPATH/Helpers/url_helper.php on line 31.
 1 SYSTEMPATH/Helpers/url_helper.php(87): _get_uri(null, Object(Config\App))
 2 SYSTEMPATH/Helpers/url_helper.php(106): site_url(null, null, Object(Config\App))
 3 APPPATH/Views/admin/fundraiser/index.php(27): base_url(null)
 4 SYSTEMPATH/View/View.php(213): include('APPPATH/Views/admin/fundraiser/index.php')
 5 SYSTEMPATH/View/View.php(216): CodeIgniter\View\View->CodeIgniter\View\{closure}()
 6 SYSTEMPATH/Common.php(1142): CodeIgniter\View\View->render('admin/fundraiser/index', [], true)
 7 APPPATH/Controllers/AdminController.php(57): view('admin/fundraiser/index', [...])
 8 SYSTEMPATH/CodeIgniter.php(902): App\Controllers\AdminController->toggleActivateFundRaiser('5')
 9 SYSTEMPATH/CodeIgniter.php(457): CodeIgniter\CodeIgniter->runController(Object(App\Controllers\AdminController))
10 SYSTEMPATH/CodeIgniter.php(340): CodeIgniter\CodeIgniter->handleRequest(null, Object(Config\Cache), false)
11 FCPATH/index.php(67): CodeIgniter\CodeIgniter->run()
12 SYSTEMPATH/Commands/Server/rewrite.php(46): require_once('FCPATH/index.php')
CRITICAL - 2023-02-18 09:40:13 --> _get_uri(): Argument #1 ($relativePath) must be of type string, null given, called in /Users/macintoshhdd/Projects/ufundme/vendor/codeigniter4/framework/system/Helpers/url_helper.php on line 87
in SYSTEMPATH/Helpers/url_helper.php on line 31.
 1 SYSTEMPATH/Helpers/url_helper.php(87): _get_uri(null, Object(Config\App))
 2 SYSTEMPATH/Helpers/url_helper.php(106): site_url(null, null, Object(Config\App))
 3 APPPATH/Views/admin/fundraiser/index.php(27): base_url(null)
 4 SYSTEMPATH/View/View.php(213): include('APPPATH/Views/admin/fundraiser/index.php')
 5 SYSTEMPATH/View/View.php(216): CodeIgniter\View\View->CodeIgniter\View\{closure}()
 6 SYSTEMPATH/Common.php(1142): CodeIgniter\View\View->render('admin/fundraiser/index', [], true)
 7 APPPATH/Controllers/AdminController.php(51): view('admin/fundraiser/index', [...])
 8 SYSTEMPATH/CodeIgniter.php(902): App\Controllers\AdminController->toggleActivateFundRaiser('5')
 9 SYSTEMPATH/CodeIgniter.php(457): CodeIgniter\CodeIgniter->runController(Object(App\Controllers\AdminController))
10 SYSTEMPATH/CodeIgniter.php(340): CodeIgniter\CodeIgniter->handleRequest(null, Object(Config\Cache), false)
11 FCPATH/index.php(67): CodeIgniter\CodeIgniter->run()
12 SYSTEMPATH/Commands/Server/rewrite.php(46): require_once('FCPATH/index.php')
CRITICAL - 2023-02-18 09:40:17 --> _get_uri(): Argument #1 ($relativePath) must be of type string, null given, called in /Users/macintoshhdd/Projects/ufundme/vendor/codeigniter4/framework/system/Helpers/url_helper.php on line 87
in SYSTEMPATH/Helpers/url_helper.php on line 31.
 1 SYSTEMPATH/Helpers/url_helper.php(87): _get_uri(null, Object(Config\App))
 2 SYSTEMPATH/Helpers/url_helper.php(106): site_url(null, null, Object(Config\App))
 3 APPPATH/Views/admin/fundraiser/index.php(27): base_url(null)
 4 SYSTEMPATH/View/View.php(213): include('APPPATH/Views/admin/fundraiser/index.php')
 5 SYSTEMPATH/View/View.php(216): CodeIgniter\View\View->CodeIgniter\View\{closure}()
 6 SYSTEMPATH/Common.php(1142): CodeIgniter\View\View->render('admin/fundraiser/index', [], true)
 7 APPPATH/Controllers/AdminController.php(71): view('admin/fundraiser/index', [...])
 8 SYSTEMPATH/CodeIgniter.php(902): App\Controllers\AdminController->deleteFundRaider('6')
 9 SYSTEMPATH/CodeIgniter.php(457): CodeIgniter\CodeIgniter->runController(Object(App\Controllers\AdminController))
10 SYSTEMPATH/CodeIgniter.php(340): CodeIgniter\CodeIgniter->handleRequest(null, Object(Config\Cache), false)
11 FCPATH/index.php(67): CodeIgniter\CodeIgniter->run()
12 SYSTEMPATH/Commands/Server/rewrite.php(46): require_once('FCPATH/index.php')
CRITICAL - 2023-02-18 09:40:20 --> Trying to access array offset on value of type null
in APPPATH/Controllers/AdminController.php on line 46.
 1 APPPATH/Controllers/AdminController.php(46): CodeIgniter\Debug\Exceptions->errorHandler(2, 'Trying to access array offset on value of type null', 'APPPATH/Controllers/AdminController.php', 46)
 2 SYSTEMPATH/CodeIgniter.php(902): App\Controllers\AdminController->toggleActivateFundRaiser('6')
 3 SYSTEMPATH/CodeIgniter.php(457): CodeIgniter\CodeIgniter->runController(Object(App\Controllers\AdminController))
 4 SYSTEMPATH/CodeIgniter.php(340): CodeIgniter\CodeIgniter->handleRequest(null, Object(Config\Cache), false)
 5 FCPATH/index.php(67): CodeIgniter\CodeIgniter->run()
 6 SYSTEMPATH/Commands/Server/rewrite.php(46): require_once('FCPATH/index.php')
CRITICAL - 2023-02-18 09:40:38 --> _get_uri(): Argument #1 ($relativePath) must be of type string, null given, called in /Users/macintoshhdd/Projects/ufundme/vendor/codeigniter4/framework/system/Helpers/url_helper.php on line 87
in SYSTEMPATH/Helpers/url_helper.php on line 31.
 1 SYSTEMPATH/Helpers/url_helper.php(87): _get_uri(null, Object(Config\App))
 2 SYSTEMPATH/Helpers/url_helper.php(106): site_url(null, null, Object(Config\App))
 3 APPPATH/Views/admin/fundraiser/index.php(27): base_url(null)
 4 SYSTEMPATH/View/View.php(213): include('APPPATH/Views/admin/fundraiser/index.php')
 5 SYSTEMPATH/View/View.php(216): CodeIgniter\View\View->CodeIgniter\View\{closure}()
 6 SYSTEMPATH/Common.php(1142): CodeIgniter\View\View->render('admin/fundraiser/index', [], true)
 7 APPPATH/Controllers/AdminController.php(38): view('admin/fundraiser/index', [...])
 8 SYSTEMPATH/CodeIgniter.php(902): App\Controllers\AdminController->funds()
 9 SYSTEMPATH/CodeIgniter.php(457): CodeIgniter\CodeIgniter->runController(Object(App\Controllers\AdminController))
10 SYSTEMPATH/CodeIgniter.php(340): CodeIgniter\CodeIgniter->handleRequest(null, Object(Config\Cache), false)
11 FCPATH/index.php(67): CodeIgniter\CodeIgniter->run()
12 SYSTEMPATH/Commands/Server/rewrite.php(46): require_once('FCPATH/index.php')
CRITICAL - 2023-02-18 09:41:15 --> _get_uri(): Argument #1 ($relativePath) must be of type string, null given, called in /Users/macintoshhdd/Projects/ufundme/vendor/codeigniter4/framework/system/Helpers/url_helper.php on line 87
in SYSTEMPATH/Helpers/url_helper.php on line 31.
 1 SYSTEMPATH/Helpers/url_helper.php(87): _get_uri(null, Object(Config\App))
 2 SYSTEMPATH/Helpers/url_helper.php(106): site_url(null, null, Object(Config\App))
 3 APPPATH/Views/admin/fundraiser/index.php(27): base_url(null)
 4 SYSTEMPATH/View/View.php(213): include('APPPATH/Views/admin/fundraiser/index.php')
 5 SYSTEMPATH/View/View.php(216): CodeIgniter\View\View->CodeIgniter\View\{closure}()
 6 SYSTEMPATH/Common.php(1142): CodeIgniter\View\View->render('admin/fundraiser/index', [], true)
 7 APPPATH/Controllers/AdminController.php(38): view('admin/fundraiser/index', [...])
 8 SYSTEMPATH/CodeIgniter.php(902): App\Controllers\AdminController->funds()
 9 SYSTEMPATH/CodeIgniter.php(457): CodeIgniter\CodeIgniter->runController(Object(App\Controllers\AdminController))
10 SYSTEMPATH/CodeIgniter.php(340): CodeIgniter\CodeIgniter->handleRequest(null, Object(Config\Cache), false)
11 FCPATH/index.php(67): CodeIgniter\CodeIgniter->run()
12 SYSTEMPATH/Commands/Server/rewrite.php(46): require_once('FCPATH/index.php')
CRITICAL - 2023-02-18 09:51:22 --> _get_uri(): Argument #1 ($relativePath) must be of type string, null given, called in /Users/macintoshhdd/Projects/ufundme/vendor/codeigniter4/framework/system/Helpers/url_helper.php on line 87
in SYSTEMPATH/Helpers/url_helper.php on line 31.
 1 SYSTEMPATH/Helpers/url_helper.php(87): _get_uri(null, Object(Config\App))
 2 SYSTEMPATH/Helpers/url_helper.php(106): site_url(null, null, Object(Config\App))
 3 APPPATH/Views/admin/fundraiser/index.php(27): base_url(null)
 4 SYSTEMPATH/View/View.php(213): include('APPPATH/Views/admin/fundraiser/index.php')
 5 SYSTEMPATH/View/View.php(216): CodeIgniter\View\View->CodeIgniter\View\{closure}()
 6 SYSTEMPATH/Common.php(1142): CodeIgniter\View\View->render('admin/fundraiser/index', [], true)
 7 APPPATH/Controllers/AdminController.php(38): view('admin/fundraiser/index', [...])
 8 SYSTEMPATH/CodeIgniter.php(902): App\Controllers\AdminController->funds()
 9 SYSTEMPATH/CodeIgniter.php(457): CodeIgniter\CodeIgniter->runController(Object(App\Controllers\AdminController))
10 SYSTEMPATH/CodeIgniter.php(340): CodeIgniter\CodeIgniter->handleRequest(null, Object(Config\Cache), false)
11 FCPATH/index.php(67): CodeIgniter\CodeIgniter->run()
12 SYSTEMPATH/Commands/Server/rewrite.php(46): require_once('FCPATH/index.php')
CRITICAL - 2023-02-18 10:25:53 --> Call to a member function hasMoved() on string
in APPPATH/Controllers/Profile.php on line 136.
 1 SYSTEMPATH/CodeIgniter.php(902): App\Controllers\Profile->settings('1')
 2 SYSTEMPATH/CodeIgniter.php(457): CodeIgniter\CodeIgniter->runController(Object(App\Controllers\Profile))
 3 SYSTEMPATH/CodeIgniter.php(340): CodeIgniter\CodeIgniter->handleRequest(null, Object(Config\Cache), false)
 4 FCPATH/index.php(67): CodeIgniter\CodeIgniter->run()
 5 SYSTEMPATH/Commands/Server/rewrite.php(46): require_once('FCPATH/index.php')
CRITICAL - 2023-02-18 10:41:09 --> Call to undefined method App\Controllers\Profile::getVar()
in APPPATH/Controllers/Profile.php on line 103.
 1 SYSTEMPATH/CodeIgniter.php(902): App\Controllers\Profile->settings('1')
 2 SYSTEMPATH/CodeIgniter.php(457): CodeIgniter\CodeIgniter->runController(Object(App\Controllers\Profile))
 3 SYSTEMPATH/CodeIgniter.php(340): CodeIgniter\CodeIgniter->handleRequest(null, Object(Config\Cache), false)
 4 FCPATH/index.php(67): CodeIgniter\CodeIgniter->run()
 5 SYSTEMPATH/Commands/Server/rewrite.php(46): require_once('FCPATH/index.php')
