CRITICAL - 2022-12-06 01:46:52 --> Undefined array key "amount_raised"
in APPPATH/Views/fundraiser/detail.php on line 13.
 1 APPPATH/Views/fundraiser/detail.php(13): CodeIgniter\Debug\Exceptions->errorHandler(2, 'Undefined array key "amount_raised"', 'APPPATH/Views/fundraiser/detail.php', 13)
 2 SYSTEMPATH/View/View.php(213): include('APPPATH/Views/fundraiser/detail.php')
 3 SYSTEMPATH/View/View.php(216): CodeIgniter\View\View->CodeIgniter\View\{closure}()
 4 SYSTEMPATH/Common.php(1142): CodeIgniter\View\View->render('fundraiser/detail', [], true)
 5 APPPATH/Controllers/Fundraiser.php(115): view('fundraiser/detail', [...])
 6 SYSTEMPATH/CodeIgniter.php(902): App\Controllers\Fundraiser->detail('2')
 7 SYSTEMPATH/CodeIgniter.php(457): CodeIgniter\CodeIgniter->runController(Object(App\Controllers\Fundraiser))
 8 SYSTEMPATH/CodeIgniter.php(340): CodeIgniter\CodeIgniter->handleRequest(null, Object(Config\Cache), false)
 9 FCPATH/index.php(67): CodeIgniter\CodeIgniter->run()
10 SYSTEMPATH/Commands/Server/rewrite.php(46): require_once('FCPATH/index.php')
CRITICAL - 2022-12-06 01:47:26 --> Undefined array key "amont_raised"
in APPPATH/Views/fundraiser/detail.php on line 13.
 1 APPPATH/Views/fundraiser/detail.php(13): CodeIgniter\Debug\Exceptions->errorHandler(2, 'Undefined array key "amont_raised"', 'APPPATH/Views/fundraiser/detail.php', 13)
 2 SYSTEMPATH/View/View.php(213): include('APPPATH/Views/fundraiser/detail.php')
 3 SYSTEMPATH/View/View.php(216): CodeIgniter\View\View->CodeIgniter\View\{closure}()
 4 SYSTEMPATH/Common.php(1142): CodeIgniter\View\View->render('fundraiser/detail', [], true)
 5 APPPATH/Controllers/Fundraiser.php(115): view('fundraiser/detail', [...])
 6 SYSTEMPATH/CodeIgniter.php(902): App\Controllers\Fundraiser->detail('2')
 7 SYSTEMPATH/CodeIgniter.php(457): CodeIgniter\CodeIgniter->runController(Object(App\Controllers\Fundraiser))
 8 SYSTEMPATH/CodeIgniter.php(340): CodeIgniter\CodeIgniter->handleRequest(null, Object(Config\Cache), false)
 9 FCPATH/index.php(67): CodeIgniter\CodeIgniter->run()
10 SYSTEMPATH/Commands/Server/rewrite.php(46): require_once('FCPATH/index.php')
ERROR - 2022-12-06 02:19:32 --> mysqli_sql_exception: You have an error in your SQL syntax; check the manual that corresponds to your MySQL server version for the right syntax to use near 'NOT NULL,
	`tip` DECIMAL NOT NULL,
	CONSTRAINT `pk_donations` PRIMARY KEY(`id`)
' at line 5 in /Users/macintoshhdd/Projects/ufundme/vendor/codeigniter4/framework/system/Database/MySQLi/Connection.php:292
Stack trace:
#0 /Users/macintoshhdd/Projects/ufundme/vendor/codeigniter4/framework/system/Database/MySQLi/Connection.php(292): mysqli->query('CREATE TABLE `d...', 0)
#1 /Users/macintoshhdd/Projects/ufundme/vendor/codeigniter4/framework/system/Database/BaseConnection.php(693): CodeIgniter\Database\MySQLi\Connection->execute('CREATE TABLE `d...')
#2 /Users/macintoshhdd/Projects/ufundme/vendor/codeigniter4/framework/system/Database/BaseConnection.php(620): CodeIgniter\Database\BaseConnection->simpleQuery('CREATE TABLE `d...')
#3 /Users/macintoshhdd/Projects/ufundme/vendor/codeigniter4/framework/system/Database/Forge.php(509): CodeIgniter\Database\BaseConnection->query('CREATE TABLE `d...')
#4 /Users/macintoshhdd/Projects/ufundme/app/Database/Migrations/2022-12-06-080858_Donations.php(23): CodeIgniter\Database\Forge->createTable('donations')
#5 /Users/macintoshhdd/Projects/ufundme/vendor/codeigniter4/framework/system/Database/MigrationRunner.php(868): App\Database\Migrations\Donations->up()
#6 /Users/macintoshhdd/Projects/ufundme/vendor/codeigniter4/framework/system/Database/MigrationRunner.php(187): CodeIgniter\Database\MigrationRunner->migrate('up', Object(stdClass))
#7 /Users/macintoshhdd/Projects/ufundme/vendor/codeigniter4/framework/system/Commands/Database/Migrate.php(84): CodeIgniter\Database\MigrationRunner->latest(NULL)
#8 /Users/macintoshhdd/Projects/ufundme/vendor/codeigniter4/framework/system/CLI/Commands.php(63): CodeIgniter\Commands\Database\Migrate->run(Array)
#9 /Users/macintoshhdd/Projects/ufundme/vendor/codeigniter4/framework/system/CLI/CommandRunner.php(65): CodeIgniter\CLI\Commands->run('migrate', Array)
#10 /Users/macintoshhdd/Projects/ufundme/vendor/codeigniter4/framework/system/CLI/CommandRunner.php(51): CodeIgniter\CLI\CommandRunner->index(Array)
#11 /Users/macintoshhdd/Projects/ufundme/vendor/codeigniter4/framework/system/CodeIgniter.php(895): CodeIgniter\CLI\CommandRunner->_remap('index', Array)
#12 /Users/macintoshhdd/Projects/ufundme/vendor/codeigniter4/framework/system/CodeIgniter.php(457): CodeIgniter\CodeIgniter->runController(Object(CodeIgniter\CLI\CommandRunner))
#13 /Users/macintoshhdd/Projects/ufundme/vendor/codeigniter4/framework/system/CodeIgniter.php(336): CodeIgniter\CodeIgniter->handleRequest(NULL, Object(Config\Cache), false)
#14 /Users/macintoshhdd/Projects/ufundme/vendor/codeigniter4/framework/system/CLI/Console.php(48): CodeIgniter\CodeIgniter->run()
#15 /Users/macintoshhdd/Projects/ufundme/spark(98): CodeIgniter\CLI\Console->run()
#16 {main}
ERROR - 2022-12-06 02:23:37 --> mysqli_sql_exception: You have an error in your SQL syntax; check the manual that corresponds to your MySQL server version for the right syntax to use near 'NOT NULL,
	`tip` DECIMAL NOT NULL,
	CONSTRAINT `pk_donations` PRIMARY KEY(`id`)
' at line 5 in /Users/macintoshhdd/Projects/ufundme/vendor/codeigniter4/framework/system/Database/MySQLi/Connection.php:292
Stack trace:
#0 /Users/macintoshhdd/Projects/ufundme/vendor/codeigniter4/framework/system/Database/MySQLi/Connection.php(292): mysqli->query('CREATE TABLE `d...', 0)
#1 /Users/macintoshhdd/Projects/ufundme/vendor/codeigniter4/framework/system/Database/BaseConnection.php(693): CodeIgniter\Database\MySQLi\Connection->execute('CREATE TABLE `d...')
#2 /Users/macintoshhdd/Projects/ufundme/vendor/codeigniter4/framework/system/Database/BaseConnection.php(620): CodeIgniter\Database\BaseConnection->simpleQuery('CREATE TABLE `d...')
#3 /Users/macintoshhdd/Projects/ufundme/vendor/codeigniter4/framework/system/Database/Forge.php(509): CodeIgniter\Database\BaseConnection->query('CREATE TABLE `d...')
#4 /Users/macintoshhdd/Projects/ufundme/app/Database/Migrations/2022-12-06-080858_Donations.php(23): CodeIgniter\Database\Forge->createTable('donations')
#5 /Users/macintoshhdd/Projects/ufundme/vendor/codeigniter4/framework/system/Database/MigrationRunner.php(868): App\Database\Migrations\Donations->up()
#6 /Users/macintoshhdd/Projects/ufundme/vendor/codeigniter4/framework/system/Database/MigrationRunner.php(187): CodeIgniter\Database\MigrationRunner->migrate('up', Object(stdClass))
#7 /Users/macintoshhdd/Projects/ufundme/vendor/codeigniter4/framework/system/Commands/Database/Migrate.php(84): CodeIgniter\Database\MigrationRunner->latest(NULL)
#8 /Users/macintoshhdd/Projects/ufundme/vendor/codeigniter4/framework/system/CLI/Commands.php(63): CodeIgniter\Commands\Database\Migrate->run(Array)
#9 /Users/macintoshhdd/Projects/ufundme/vendor/codeigniter4/framework/system/CLI/CommandRunner.php(65): CodeIgniter\CLI\Commands->run('migrate', Array)
#10 /Users/macintoshhdd/Projects/ufundme/vendor/codeigniter4/framework/system/CLI/CommandRunner.php(51): CodeIgniter\CLI\CommandRunner->index(Array)
#11 /Users/macintoshhdd/Projects/ufundme/vendor/codeigniter4/framework/system/CodeIgniter.php(895): CodeIgniter\CLI\CommandRunner->_remap('index', Array)
#12 /Users/macintoshhdd/Projects/ufundme/vendor/codeigniter4/framework/system/CodeIgniter.php(457): CodeIgniter\CodeIgniter->runController(Object(CodeIgniter\CLI\CommandRunner))
#13 /Users/macintoshhdd/Projects/ufundme/vendor/codeigniter4/framework/system/CodeIgniter.php(336): CodeIgniter\CodeIgniter->handleRequest(NULL, Object(Config\Cache), false)
#14 /Users/macintoshhdd/Projects/ufundme/vendor/codeigniter4/framework/system/CLI/Console.php(48): CodeIgniter\CodeIgniter->run()
#15 /Users/macintoshhdd/Projects/ufundme/spark(98): CodeIgniter\CLI\Console->run()
#16 {main}
ERROR - 2022-12-06 02:24:32 --> mysqli_sql_exception: You have an error in your SQL syntax; check the manual that corresponds to your MySQL server version for the right syntax to use near 'NOT NULL,
	`tip` DECIMAL NOT NULL,
	CONSTRAINT `pk_donations` PRIMARY KEY(`id`)
' at line 5 in /Users/macintoshhdd/Projects/ufundme/vendor/codeigniter4/framework/system/Database/MySQLi/Connection.php:292
Stack trace:
#0 /Users/macintoshhdd/Projects/ufundme/vendor/codeigniter4/framework/system/Database/MySQLi/Connection.php(292): mysqli->query('CREATE TABLE `d...', 0)
#1 /Users/macintoshhdd/Projects/ufundme/vendor/codeigniter4/framework/system/Database/BaseConnection.php(693): CodeIgniter\Database\MySQLi\Connection->execute('CREATE TABLE `d...')
#2 /Users/macintoshhdd/Projects/ufundme/vendor/codeigniter4/framework/system/Database/BaseConnection.php(620): CodeIgniter\Database\BaseConnection->simpleQuery('CREATE TABLE `d...')
#3 /Users/macintoshhdd/Projects/ufundme/vendor/codeigniter4/framework/system/Database/Forge.php(509): CodeIgniter\Database\BaseConnection->query('CREATE TABLE `d...')
#4 /Users/macintoshhdd/Projects/ufundme/app/Database/Migrations/2022-12-06-080858_Donations.php(23): CodeIgniter\Database\Forge->createTable('donations')
#5 /Users/macintoshhdd/Projects/ufundme/vendor/codeigniter4/framework/system/Database/MigrationRunner.php(868): App\Database\Migrations\Donations->up()
#6 /Users/macintoshhdd/Projects/ufundme/vendor/codeigniter4/framework/system/Database/MigrationRunner.php(187): CodeIgniter\Database\MigrationRunner->migrate('up', Object(stdClass))
#7 /Users/macintoshhdd/Projects/ufundme/vendor/codeigniter4/framework/system/Commands/Database/Migrate.php(84): CodeIgniter\Database\MigrationRunner->latest(NULL)
#8 /Users/macintoshhdd/Projects/ufundme/vendor/codeigniter4/framework/system/CLI/Commands.php(63): CodeIgniter\Commands\Database\Migrate->run(Array)
#9 /Users/macintoshhdd/Projects/ufundme/vendor/codeigniter4/framework/system/CLI/CommandRunner.php(65): CodeIgniter\CLI\Commands->run('migrate', Array)
#10 /Users/macintoshhdd/Projects/ufundme/vendor/codeigniter4/framework/system/CLI/CommandRunner.php(51): CodeIgniter\CLI\CommandRunner->index(Array)
#11 /Users/macintoshhdd/Projects/ufundme/vendor/codeigniter4/framework/system/CodeIgniter.php(895): CodeIgniter\CLI\CommandRunner->_remap('index', Array)
#12 /Users/macintoshhdd/Projects/ufundme/vendor/codeigniter4/framework/system/CodeIgniter.php(457): CodeIgniter\CodeIgniter->runController(Object(CodeIgniter\CLI\CommandRunner))
#13 /Users/macintoshhdd/Projects/ufundme/vendor/codeigniter4/framework/system/CodeIgniter.php(336): CodeIgniter\CodeIgniter->handleRequest(NULL, Object(Config\Cache), false)
#14 /Users/macintoshhdd/Projects/ufundme/vendor/codeigniter4/framework/system/CLI/Console.php(48): CodeIgniter\CodeIgniter->run()
#15 /Users/macintoshhdd/Projects/ufundme/spark(98): CodeIgniter\CLI\Console->run()
#16 {main}
ERROR - 2022-12-06 02:25:11 --> mysqli_sql_exception: You have an error in your SQL syntax; check the manual that corresponds to your MySQL server version for the right syntax to use near 'NOT NULL,
	`tip` DECIMAL NOT NULL,
	CONSTRAINT `pk_donations` PRIMARY KEY(`id`)
' at line 5 in /Users/macintoshhdd/Projects/ufundme/vendor/codeigniter4/framework/system/Database/MySQLi/Connection.php:292
Stack trace:
#0 /Users/macintoshhdd/Projects/ufundme/vendor/codeigniter4/framework/system/Database/MySQLi/Connection.php(292): mysqli->query('CREATE TABLE `d...', 0)
#1 /Users/macintoshhdd/Projects/ufundme/vendor/codeigniter4/framework/system/Database/BaseConnection.php(693): CodeIgniter\Database\MySQLi\Connection->execute('CREATE TABLE `d...')
#2 /Users/macintoshhdd/Projects/ufundme/vendor/codeigniter4/framework/system/Database/BaseConnection.php(620): CodeIgniter\Database\BaseConnection->simpleQuery('CREATE TABLE `d...')
#3 /Users/macintoshhdd/Projects/ufundme/vendor/codeigniter4/framework/system/Database/Forge.php(509): CodeIgniter\Database\BaseConnection->query('CREATE TABLE `d...')
#4 /Users/macintoshhdd/Projects/ufundme/app/Database/Migrations/2022-12-06-080858_Donations.php(23): CodeIgniter\Database\Forge->createTable('donations')
#5 /Users/macintoshhdd/Projects/ufundme/vendor/codeigniter4/framework/system/Database/MigrationRunner.php(868): App\Database\Migrations\Donations->up()
#6 /Users/macintoshhdd/Projects/ufundme/vendor/codeigniter4/framework/system/Database/MigrationRunner.php(187): CodeIgniter\Database\MigrationRunner->migrate('up', Object(stdClass))
#7 /Users/macintoshhdd/Projects/ufundme/vendor/codeigniter4/framework/system/Commands/Database/Migrate.php(84): CodeIgniter\Database\MigrationRunner->latest(NULL)
#8 /Users/macintoshhdd/Projects/ufundme/vendor/codeigniter4/framework/system/CLI/Commands.php(63): CodeIgniter\Commands\Database\Migrate->run(Array)
#9 /Users/macintoshhdd/Projects/ufundme/vendor/codeigniter4/framework/system/CLI/CommandRunner.php(65): CodeIgniter\CLI\Commands->run('migrate', Array)
#10 /Users/macintoshhdd/Projects/ufundme/vendor/codeigniter4/framework/system/CLI/CommandRunner.php(51): CodeIgniter\CLI\CommandRunner->index(Array)
#11 /Users/macintoshhdd/Projects/ufundme/vendor/codeigniter4/framework/system/CodeIgniter.php(895): CodeIgniter\CLI\CommandRunner->_remap('index', Array)
#12 /Users/macintoshhdd/Projects/ufundme/vendor/codeigniter4/framework/system/CodeIgniter.php(457): CodeIgniter\CodeIgniter->runController(Object(CodeIgniter\CLI\CommandRunner))
#13 /Users/macintoshhdd/Projects/ufundme/vendor/codeigniter4/framework/system/CodeIgniter.php(336): CodeIgniter\CodeIgniter->handleRequest(NULL, Object(Config\Cache), false)
#14 /Users/macintoshhdd/Projects/ufundme/vendor/codeigniter4/framework/system/CLI/Console.php(48): CodeIgniter\CodeIgniter->run()
#15 /Users/macintoshhdd/Projects/ufundme/spark(98): CodeIgniter\CLI\Console->run()
#16 {main}
CRITICAL - 2022-12-06 03:29:47 --> Undefined variable $item
in APPPATH/Views/fundraiser/detail.php on line 12.
 1 APPPATH/Views/fundraiser/detail.php(12): CodeIgniter\Debug\Exceptions->errorHandler(2, 'Undefined variable $item', 'APPPATH/Views/fundraiser/detail.php', 12)
 2 SYSTEMPATH/View/View.php(213): include('APPPATH/Views/fundraiser/detail.php')
 3 SYSTEMPATH/View/View.php(216): CodeIgniter\View\View->CodeIgniter\View\{closure}()
 4 SYSTEMPATH/Common.php(1142): CodeIgniter\View\View->render('fundraiser/detail', [], true)
 5 APPPATH/Controllers/Fundraiser.php(118): view('fundraiser/detail', [...])
 6 SYSTEMPATH/CodeIgniter.php(902): App\Controllers\Fundraiser->detail('3')
 7 SYSTEMPATH/CodeIgniter.php(457): CodeIgniter\CodeIgniter->runController(Object(App\Controllers\Fundraiser))
 8 SYSTEMPATH/CodeIgniter.php(340): CodeIgniter\CodeIgniter->handleRequest(null, Object(Config\Cache), false)
 9 FCPATH/index.php(67): CodeIgniter\CodeIgniter->run()
10 SYSTEMPATH/Commands/Server/rewrite.php(46): require_once('FCPATH/index.php')
